<?xml version="1.0" encoding="UTF-8"?>
<testsuite name="com.rmnprime.cloud.helloserver.HelloServerApplicationTests" time="0.016" tests="1" errors="1" skipped="0" failures="0">
  <properties>
[...]
</properties>
  <testcase name="initializationError" classname="com.rmnprime.cloud.helloserver.HelloServerApplicationTests" time="0.016">
    <error message="Unable to find a @SpringBootConfiguration, you need to use @ContextConfiguration or @SpringBootTest(classes=...) with your test" type="java.lang.IllegalStateException"><![CDATA[java.lang.IllegalStateException: Unable to find a @SpringBootConfiguration, you need to use @ContextConfiguration or @SpringBootTest(classes=...) with your test
	at org.springframework.util.Assert.state(Assert.java:70)
	at org.springframework.boot.test.context.SpringBootTestContextBootstrapper.getOrFindConfigurationClasses(SpringBootTestContextBootstrapper.java:202)
	at org.springframework.boot.test.context.SpringBootTestContextBootstrapper.processMergedContextConfiguration(SpringBootTestContextBootstrapper.java:137)
	at org.springframework.test.context.support.AbstractTestContextBootstrapper.buildMergedContextConfiguration(AbstractTestContextBootstrapper.java:397)
	at org.springframework.test.context.support.AbstractTestContextBootstrapper.buildDefaultMergedContextConfiguration(AbstractTestContextBootstrapper.java:311)
	at org.springframework.test.context.support.AbstractTestContextBootstrapper.buildMergedContextConfiguration(AbstractTestContextBootstrapper.java:265)
	at org.springframework.test.context.support.AbstractTestContextBootstrapper.buildTestContext(AbstractTestContextBootstrapper.java:105)
	at org.springframework.boot.test.context.SpringBootTestContextBootstrapper.buildTestContext(SpringBootTestContextBootstrapper.java:82)
	at org.springframework.test.context.TestContextManager.<init>(TestContextManager.java:120)
	at org.springframework.test.context.TestContextManager.<init>(TestContextManager.java:105)
	at org.springframework.test.context.junit4.SpringJUnit4ClassRunner.createTestContextManager(SpringJUnit4ClassRunner.java:152)
	at org.springframework.test.context.junit4.SpringJUnit4ClassRunner.<init>(SpringJUnit4ClassRunner.java:143)
	at org.springframework.test.context.junit4.SpringRunner.<init>(SpringRunner.java:49)
	at sun.reflect.NativeConstructorAccessorImpl.newInstance0(Native Method)
	at sun.reflect.NativeConstructorAccessorImpl.newInstance(NativeConstructorAccessorImpl.java:62)
	at sun.reflect.DelegatingConstructorAccessorImpl.newInstance(DelegatingConstructorAccessorImpl.java:45)
	at java.lang.reflect.Constructor.newInstance(Constructor.java:423)
	at org.junit.internal.builders.AnnotatedBuilder.buildRunner(AnnotatedBuilder.java:104)
	at org.junit.internal.builders.AnnotatedBuilder.runnerForClass(AnnotatedBuilder.java:86)
	at org.junit.runners.model.RunnerBuilder.safeRunnerForClass(RunnerBuilder.java:59)
	at org.junit.internal.builders.AllDefaultPossibilitiesBuilder.runnerForClass(AllDefaultPossibilitiesBuilder.java:26)
	at org.junit.runners.model.RunnerBuilder.safeRunnerForClass(RunnerBuilder.java:59)
	at org.junit.internal.requests.ClassRequest.getRunner(ClassRequest.java:33)
	at org.apache.maven.surefire.junit4.JUnit4Provider.execute(JUnit4Provider.java:283)
	at org.apache.maven.surefire.junit4.JUnit4Provider.executeWithRerun(JUnit4Provider.java:173)
	at org.apache.maven.surefire.junit4.JUnit4Provider.executeTestSet(JUnit4Provider.java:153)
	at org.apache.maven.surefire.junit4.JUnit4Provider.invoke(JUnit4Provider.java:128)
	at org.apache.maven.surefire.booter.ForkedBooter.invokeProviderInSameClassLoader(ForkedBooter.java:203)
	at org.apache.maven.surefire.booter.ForkedBooter.runSuitesInProcess(ForkedBooter.java:155)
	at org.apache.maven.surefire.booter.ForkedBooter.main(ForkedBooter.java:103)
]]></error>
    <system-out><![CDATA[15:32:53.326 [main] DEBUG org.springframework.test.context.junit4.SpringJUnit4ClassRunner - SpringJUnit4ClassRunner constructor called with [class com.rmnprime.cloud.helloserver.HelloServerApplicationTests]
15:32:53.326 [main] DEBUG org.springframework.test.context.BootstrapUtils - Instantiating CacheAwareContextLoaderDelegate from class [org.springframework.test.context.cache.DefaultCacheAwareContextLoaderDelegate]
15:32:53.341 [main] DEBUG org.springframework.test.context.BootstrapUtils - Instantiating BootstrapContext using constructor [public org.springframework.test.context.support.DefaultBootstrapContext(java.lang.Class,org.springframework.test.context.CacheAwareContextLoaderDelegate)]
15:32:53.342 [main] DEBUG org.springframework.test.context.BootstrapUtils - Instantiating TestContextBootstrapper for test class [com.rmnprime.cloud.helloserver.HelloServerApplicationTests] from class [org.springframework.boot.test.context.SpringBootTestContextBootstrapper]
15:32:53.374 [main] INFO org.springframework.boot.test.context.SpringBootTestContextBootstrapper - Neither @ContextConfiguration nor @ContextHierarchy found for test class [com.rmnprime.cloud.helloserver.HelloServerApplicationTests], using SpringBootContextLoader
15:32:53.374 [main] DEBUG org.springframework.test.context.support.AbstractContextLoader - Did not detect default resource location for test class [com.rmnprime.cloud.helloserver.HelloServerApplicationTests]: class path resource [com/rmnprime/cloud/helloserver/HelloServerApplicationTests-context.xml] does not exist
15:32:53.374 [main] DEBUG org.springframework.test.context.support.AbstractContextLoader - Did not detect default resource location for test class [com.rmnprime.cloud.helloserver.HelloServerApplicationTests]: class path resource [com/rmnprime/cloud/helloserver/HelloServerApplicationTestsContext.groovy] does not exist
15:32:53.374 [main] INFO org.springframework.test.context.support.AbstractContextLoader - Could not detect default resource locations for test class [com.rmnprime.cloud.helloserver.HelloServerApplicationTests]: no resource found for suffixes {-context.xml, Context.groovy}.
15:32:53.374 [main] INFO org.springframework.test.context.support.AnnotationConfigContextLoaderUtils - Could not detect default configuration classes for test class [com.rmnprime.cloud.helloserver.HelloServerApplicationTests]: HelloServerApplicationTests does not declare any static, non-private, non-final, nested classes annotated with @Configuration.
15:32:53.436 [main] DEBUG org.springframework.test.context.support.ActiveProfilesUtils - Could not find an 'annotation declaring class' for annotation type [org.springframework.test.context.ActiveProfiles] and class [com.rmnprime.cloud.helloserver.HelloServerApplicationTests]
15:32:53.452 [main] DEBUG org.springframework.core.env.StandardEnvironment - Adding PropertySource 'systemProperties' with lowest search precedence
15:32:53.452 [main] DEBUG org.springframework.core.env.StandardEnvironment - Adding PropertySource 'systemEnvironment' with lowest search precedence
15:32:53.452 [main] DEBUG org.springframework.core.env.StandardEnvironment - Initialized StandardEnvironment with PropertySources [MapPropertySource@26030327 {name='systemProperties', properties={java.runtime.name=Java(TM) SE Runtime Environment, sun.boot.library.path=C:\Program Files (x86)\Java\jdk1.8.0_172\jre\bin, java.vm.version=25.172-b11, java.vm.vendor=Oracle Corporation, java.vendor.url=http://java.oracle.com/, path.separator=;, java.vm.name=Java HotSpot(TM) Client VM, file.encoding.pkg=sun.io, user.country=US, user.script=, sun.java.launcher=SUN_STANDARD, sun.os.patch.level=Service Pack 1, java.vm.specification.name=Java Virtual Machine Specification, user.dir=C:\Users\rnimje\Downloads\Eureka\hello-server\hello-server, java.runtime.version=1.8.0_172-b11, basedir=C:\Users\rnimje\Downloads\Eureka\hello-server\hello-server, java.awt.graphicsenv=sun.awt.Win32GraphicsEnvironment, java.endorsed.dirs=C:\Program Files (x86)\Java\jdk1.8.0_172\jre\lib\endorsed, os.arch=x86, surefire.real.class.path=C:\Users\rnimje\Downloads\Eureka\hello-server\hello-server\target\surefire\surefirebooter7450049370477704335.jar, java.io.tmpdir=C:\Users\rnimje\AppData\Local\Temp\, line.separator=
, java.vm.specification.vendor=Oracle Corporation, user.variant=, os.name=Windows 7, sun.jnu.encoding=Cp1252, java.library.path=C:\Program Files (x86)\Java\jdk1.8.0_172\jre\bin;C:\WINDOWS\Sun\Java\bin;C:\WINDOWS\system32;C:\WINDOWS;C:/Users/Public/Documents/sts-bundle-3.9.4_x64/sts-bundle-3.9.4_x64/sts-3.9.4.RELEASE/jre/bin/server;C:/Users/Public/Documents/sts-bundle-3.9.4_x64/sts-bundle-3.9.4_x64/sts-3.9.4.RELEASE/jre/bin;C:/Users/Public/Documents/sts-bundle-3.9.4_x64/sts-bundle-3.9.4_x64/sts-3.9.4.RELEASE/jre/lib/amd64;C:\Program Files\Python37\Scripts\;C:\Program Files\Python37\;C:\Program Files (x86)\Common Files\Oracle\Java\javapath;C:\WINDOWS\system32;C:\WINDOWS;C:\WINDOWS\System32\Wbem;C:\WINDOWS\System32\WindowsPowerShell\v1.0\;C:\Program Files (x86)\Sennheiser\SoftphoneSDK\;C:\Program Files\TortoiseSVN\bin;C:\WINDOWS\CCM;C:\WINDOWS\CCM;C:\WINDOWS\CCM;C:\WINDOWS\CCM;C:\Program Files\TortoiseGit\bin;C:\Program Files\PuTTY\;C:\Users\Public\Documents\apache-maven-3.5.3-bin\apache-maven-3.5.3-bin\bin;C:\Program Files\Cloud Foundry;C:\Program Files\Git\cmd;C:\Program Files\nodejs\;C:\Users\rnimje\AppData\Roaming\npm;C:\Program Files (x86)\Microsoft SQL Server\100\Tools\Binn\;C:\Program Files\Microsoft SQL Server\100\Tools\Binn\;C:\Program Files\Microsoft SQL Server\100\DTS\Binn\;C:\Program Files (x86)\Microsoft SQL Server\100\Tools\Binn\VSShell\Common7\IDE\;C:\Program Files (x86)\Microsoft Visual Studio 9.0\Common7\IDE\PrivateAssemblies\;C:\Program Files (x86)\Microsoft SQL Server\100\DTS\Binn\;C:\Program Files (x86)\ActivIdentity\ActivClient\;C:\Program Files\ActivIdentity\ActivClient\;;C:\Users\Public\Documents\sts-bundle-3.9.4_x64\sts-bundle-3.9.4_x64\sts-3.9.4.RELEASE;;., surefire.test.class.path=C:\Users\rnimje\Downloads\Eureka\hello-server\hello-server\target\test-classes;C:\Users\rnimje\Downloads\Eureka\hello-server\hello-server\target\classes;C:\Users\rnimje\.m2\repository\org\springframework\cloud\spring-cloud-starter-netflix-eureka-client\1.4.6.RELEASE\spring-cloud-starter-netflix-eureka-client-1.4.6.RELEASE.jar;C:\Users\rnimje\.m2\repository\org\springframework\boot\spring-boot-starter-web\1.5.20.RELEASE\spring-boot-starter-web-1.5.20.RELEASE.jar;C:\Users\rnimje\.m2\repository\org\springframework\boot\spring-boot-starter\1.5.20.RELEASE\spring-boot-starter-1.5.20.RELEASE.jar;C:\Users\rnimje\.m2\repository\org\springframework\boot\spring-boot-starter-logging\1.5.20.RELEASE\spring-boot-starter-logging-1.5.20.RELEASE.jar;C:\Users\rnimje\.m2\repository\org\slf4j\jcl-over-slf4j\1.7.26\jcl-over-slf4j-1.7.26.jar;C:\Users\rnimje\.m2\repository\org\slf4j\jul-to-slf4j\1.7.26\jul-to-slf4j-1.7.26.jar;C:\Users\rnimje\.m2\repository\org\slf4j\log4j-over-slf4j\1.7.26\log4j-over-slf4j-1.7.26.jar;C:\Users\rnimje\.m2\repository\org\yaml\snakeyaml\1.17\snakeyaml-1.17.jar;C:\Users\rnimje\.m2\repository\org\springframework\boot\spring-boot-starter-tomcat\1.5.20.RELEASE\spring-boot-starter-tomcat-1.5.20.RELEASE.jar;C:\Users\rnimje\.m2\repository\org\apache\tomcat\embed\tomcat-embed-core\8.5.39\tomcat-embed-core-8.5.39.jar;C:\Users\rnimje\.m2\repository\org\apache\tomcat\tomcat-annotations-api\8.5.39\tomcat-annotations-api-8.5.39.jar;C:\Users\rnimje\.m2\repository\org\apache\tomcat\embed\tomcat-embed-el\8.5.39\tomcat-embed-el-8.5.39.jar;C:\Users\rnimje\.m2\repository\org\apache\tomcat\embed\tomcat-embed-websocket\8.5.39\tomcat-embed-websocket-8.5.39.jar;C:\Users\rnimje\.m2\repository\org\hibernate\hibernate-validator\5.3.6.Final\hibernate-validator-5.3.6.Final.jar;C:\Users\rnimje\.m2\repository\javax\validation\validation-api\1.1.0.Final\validation-api-1.1.0.Final.jar;C:\Users\rnimje\.m2\repository\org\jboss\logging\jboss-logging\3.3.2.Final\jboss-logging-3.3.2.Final.jar;C:\Users\rnimje\.m2\repository\com\fasterxml\classmate\1.3.4\classmate-1.3.4.jar;C:\Users\rnimje\.m2\repository\com\fasterxml\jackson\core\jackson-databind\2.8.11.3\jackson-databind-2.8.11.3.jar;C:\Users\rnimje\.m2\repository\org\springframework\spring-web\4.3.23.RELEASE\spring-web-4.3.23.RELEASE.jar;C:\Users\rnimje\.m2\repository\org\springframework\spring-aop\4.3.23.RELEASE\spring-aop-4.3.23.RELEASE.jar;C:\Users\rnimje\.m2\repository\org\springframework\spring-beans\4.3.23.RELEASE\spring-beans-4.3.23.RELEASE.jar;C:\Users\rnimje\.m2\repository\org\springframework\spring-context\4.3.23.RELEASE\spring-context-4.3.23.RELEASE.jar;C:\Users\rnimje\.m2\repository\org\springframework\spring-webmvc\4.3.23.RELEASE\spring-webmvc-4.3.23.RELEASE.jar;C:\Users\rnimje\.m2\repository\org\springframework\spring-expression\4.3.23.RELEASE\spring-expression-4.3.23.RELEASE.jar;C:\Users\rnimje\.m2\repository\org\springframework\cloud\spring-cloud-starter\1.3.5.RELEASE\spring-cloud-starter-1.3.5.RELEASE.jar;C:\Users\rnimje\.m2\repository\org\springframework\cloud\spring-cloud-context\1.3.5.RELEASE\spring-cloud-context-1.3.5.RELEASE.jar;C:\Users\rnimje\.m2\repository\org\springframework\security\spring-security-crypto\4.2.12.RELEASE\spring-security-crypto-4.2.12.RELEASE.jar;C:\Users\rnimje\.m2\repository\org\springframework\cloud\spring-cloud-commons\1.3.5.RELEASE\spring-cloud-commons-1.3.5.RELEASE.jar;C:\Users\rnimje\.m2\repository\org\springframework\security\spring-security-rsa\1.0.3.RELEASE\spring-security-rsa-1.0.3.RELEASE.jar;C:\Users\rnimje\.m2\repository\org\bouncycastle\bcpkix-jdk15on\1.55\bcpkix-jdk15on-1.55.jar;C:\Users\rnimje\.m2\repository\org\bouncycastle\bcprov-jdk15on\1.55\bcprov-jdk15on-1.55.jar;C:\Users\rnimje\.m2\repository\org\springframework\cloud\spring-cloud-netflix-core\1.4.6.RELEASE\spring-cloud-netflix-core-1.4.6.RELEASE.jar;C:\Users\rnimje\.m2\repository\org\springframework\boot\spring-boot\1.5.20.RELEASE\spring-boot-1.5.20.RELEASE.jar;C:\Users\rnimje\.m2\repository\org\springframework\boot\spring-boot-autoconfigure\1.5.20.RELEASE\spring-boot-autoconfigure-1.5.20.RELEASE.jar;C:\Users\rnimje\.m2\repository\org\springframework\cloud\spring-cloud-netflix-eureka-client\1.4.6.RELEASE\spring-cloud-netflix-eureka-client-1.4.6.RELEASE.jar;C:\Users\rnimje\.m2\repository\com\netflix\eureka\eureka-client\1.7.2\eureka-client-1.7.2.jar;C:\Users\rnimje\.m2\repository\org\codehaus\jettison\jettison\1.3.7\jettison-1.3.7.jar;C:\Users\rnimje\.m2\repository\stax\stax-api\1.0.1\stax-api-1.0.1.jar;C:\Users\rnimje\.m2\repository\com\netflix\netflix-commons\netflix-eventbus\0.3.0\netflix-eventbus-0.3.0.jar;C:\Users\rnimje\.m2\repository\com\netflix\netflix-commons\netflix-infix\0.3.0\netflix-infix-0.3.0.jar;C:\Users\rnimje\.m2\repository\commons-jxpath\commons-jxpath\1.3\commons-jxpath-1.3.jar;C:\Users\rnimje\.m2\repository\joda-time\joda-time\2.9.9\joda-time-2.9.9.jar;C:\Users\rnimje\.m2\repository\org\antlr\antlr-runtime\3.4\antlr-runtime-3.4.jar;C:\Users\rnimje\.m2\repository\org\antlr\stringtemplate\3.2.1\stringtemplate-3.2.1.jar;C:\Users\rnimje\.m2\repository\antlr\antlr\2.7.7\antlr-2.7.7.jar;C:\Users\rnimje\.m2\repository\com\google\code\gson\gson\2.8.5\gson-2.8.5.jar;C:\Users\rnimje\.m2\repository\org\apache\commons\commons-math\2.2\commons-math-2.2.jar;C:\Users\rnimje\.m2\repository\com\netflix\archaius\archaius-core\0.7.4\archaius-core-0.7.4.jar;C:\Users\rnimje\.m2\repository\javax\ws\rs\jsr311-api\1.1.1\jsr311-api-1.1.1.jar;C:\Users\rnimje\.m2\repository\com\netflix\servo\servo-core\0.10.1\servo-core-0.10.1.jar;C:\Users\rnimje\.m2\repository\com\netflix\servo\servo-internal\0.10.1\servo-internal-0.10.1.jar;C:\Users\rnimje\.m2\repository\com\sun\jersey\jersey-core\1.19.1\jersey-core-1.19.1.jar;C:\Users\rnimje\.m2\repository\com\sun\jersey\jersey-client\1.19.1\jersey-client-1.19.1.jar;C:\Users\rnimje\.m2\repository\com\sun\jersey\contribs\jersey-apache-client4\1.19.1\jersey-apache-client4-1.19.1.jar;C:\Users\rnimje\.m2\repository\org\apache\httpcomponents\httpclient\4.5.8\httpclient-4.5.8.jar;C:\Users\rnimje\.m2\repository\org\apache\httpcomponents\httpcore\4.4.11\httpcore-4.4.11.jar;C:\Users\rnimje\.m2\repository\commons-codec\commons-codec\1.10\commons-codec-1.10.jar;C:\Users\rnimje\.m2\repository\com\google\inject\guice\4.1.0\guice-4.1.0.jar;C:\Users\rnimje\.m2\repository\javax\inject\javax.inject\1\javax.inject-1.jar;C:\Users\rnimje\.m2\repository\aopalliance\aopalliance\1.0\aopalliance-1.0.jar;C:\Users\rnimje\.m2\repository\com\fasterxml\jackson\core\jackson-annotations\2.8.0\jackson-annotations-2.8.0.jar;C:\Users\rnimje\.m2\repository\com\fasterxml\jackson\core\jackson-core\2.8.11\jackson-core-2.8.11.jar;C:\Users\rnimje\.m2\repository\com\netflix\eureka\eureka-core\1.7.2\eureka-core-1.7.2.jar;C:\Users\rnimje\.m2\repository\org\codehaus\woodstox\woodstox-core-asl\4.4.1\woodstox-core-asl-4.4.1.jar;C:\Users\rnimje\.m2\repository\javax\xml\stream\stax-api\1.0-2\stax-api-1.0-2.jar;C:\Users\rnimje\.m2\repository\org\codehaus\woodstox\stax2-api\3.1.4\stax2-api-3.1.4.jar;C:\Users\rnimje\.m2\repository\org\springframework\cloud\spring-cloud-starter-netflix-archaius\1.4.6.RELEASE\spring-cloud-starter-netflix-archaius-1.4.6.RELEASE.jar;C:\Users\rnimje\.m2\repository\commons-configuration\commons-configuration\1.8\commons-configuration-1.8.jar;C:\Users\rnimje\.m2\repository\commons-lang\commons-lang\2.6\commons-lang-2.6.jar;C:\Users\rnimje\.m2\repository\com\google\guava\guava\18.0\guava-18.0.jar;C:\Users\rnimje\.m2\repository\org\springframework\cloud\spring-cloud-starter-netflix-ribbon\1.4.6.RELEASE\spring-cloud-starter-netflix-ribbon-1.4.6.RELEASE.jar;C:\Users\rnimje\.m2\repository\com\netflix\ribbon\ribbon\2.2.5\ribbon-2.2.5.jar;C:\Users\rnimje\.m2\repository\com\netflix\ribbon\ribbon-transport\2.2.5\ribbon-transport-2.2.5.jar;C:\Users\rnimje\.m2\repository\io\reactivex\rxnetty-contexts\0.4.9\rxnetty-contexts-0.4.9.jar;C:\Users\rnimje\.m2\repository\io\reactivex\rxnetty-servo\0.4.9\rxnetty-servo-0.4.9.jar;C:\Users\rnimje\.m2\repository\com\netflix\hystrix\hystrix-core\1.5.12\hystrix-core-1.5.12.jar;C:\Users\rnimje\.m2\repository\org\hdrhistogram\HdrHistogram\2.1.9\HdrHistogram-2.1.9.jar;C:\Users\rnimje\.m2\repository\io\reactivex\rxnetty\0.4.9\rxnetty-0.4.9.jar;C:\Users\rnimje\.m2\repository\com\netflix\ribbon\ribbon-core\2.2.5\ribbon-core-2.2.5.jar;C:\Users\rnimje\.m2\repository\com\netflix\ribbon\ribbon-httpclient\2.2.5\ribbon-httpclient-2.2.5.jar;C:\Users\rnimje\.m2\repository\commons-collections\commons-collections\3.2.2\commons-collections-3.2.2.jar;C:\Users\rnimje\.m2\repository\com\netflix\netflix-commons\netflix-commons-util\0.1.1\netflix-commons-util-0.1.1.jar;C:\Users\rnimje\.m2\repository\com\netflix\ribbon\ribbon-loadbalancer\2.2.5\ribbon-loadbalancer-2.2.5.jar;C:\Users\rnimje\.m2\repository\com\netflix\netflix-commons\netflix-statistics\0.1.1\netflix-statistics-0.1.1.jar;C:\Users\rnimje\.m2\repository\io\reactivex\rxjava\1.2.0\rxjava-1.2.0.jar;C:\Users\rnimje\.m2\repository\com\netflix\ribbon\ribbon-eureka\2.2.5\ribbon-eureka-2.2.5.jar;C:\Users\rnimje\.m2\repository\com\thoughtworks\xstream\xstream\1.4.10\xstream-1.4.10.jar;C:\Users\rnimje\.m2\repository\xmlpull\xmlpull\1.1.3.1\xmlpull-1.1.3.1.jar;C:\Users\rnimje\.m2\repository\xpp3\xpp3_min\1.1.4c\xpp3_min-1.1.4c.jar;C:\Users\rnimje\.m2\repository\org\springframework\boot\spring-boot-starter-test\1.5.20.RELEASE\spring-boot-starter-test-1.5.20.RELEASE.jar;C:\Users\rnimje\.m2\repository\org\springframework\boot\spring-boot-test\1.5.20.RELEASE\spring-boot-test-1.5.20.RELEASE.jar;C:\Users\rnimje\.m2\repository\org\springframework\boot\spring-boot-test-autoconfigure\1.5.20.RELEASE\spring-boot-test-autoconfigure-1.5.20.RELEASE.jar;C:\Users\rnimje\.m2\repository\com\jayway\jsonpath\json-path\2.2.0\json-path-2.2.0.jar;C:\Users\rnimje\.m2\repository\net\minidev\json-smart\2.2.1\json-smart-2.2.1.jar;C:\Users\rnimje\.m2\repository\net\minidev\accessors-smart\1.1\accessors-smart-1.1.jar;C:\Users\rnimje\.m2\repository\org\ow2\asm\asm\5.0.3\asm-5.0.3.jar;C:\Users\rnimje\.m2\repository\junit\junit\4.12\junit-4.12.jar;C:\Users\rnimje\.m2\repository\org\assertj\assertj-core\2.6.0\assertj-core-2.6.0.jar;C:\Users\rnimje\.m2\repository\org\mockito\mockito-core\1.10.19\mockito-core-1.10.19.jar;C:\Users\rnimje\.m2\repository\org\objenesis\objenesis\2.1\objenesis-2.1.jar;C:\Users\rnimje\.m2\repository\org\hamcrest\hamcrest-core\1.3\hamcrest-core-1.3.jar;C:\Users\rnimje\.m2\repository\org\hamcrest\hamcrest-library\1.3\hamcrest-library-1.3.jar;C:\Users\rnimje\.m2\repository\org\skyscreamer\jsonassert\1.4.0\jsonassert-1.4.0.jar;C:\Users\rnimje\.m2\repository\com\vaadin\external\google\android-json\0.0.20131108.vaadin1\android-json-0.0.20131108.vaadin1.jar;C:\Users\rnimje\.m2\repository\org\springframework\spring-core\4.3.23.RELEASE\spring-core-4.3.23.RELEASE.jar;C:\Users\rnimje\.m2\repository\org\springframework\spring-test\4.3.23.RELEASE\spring-test-4.3.23.RELEASE.jar;C:\Users\rnimje\.m2\repository\ch\qos\logback\logback-classic\1.2.3\logback-classic-1.2.3.jar;C:\Users\rnimje\.m2\repository\org\slf4j\slf4j-api\1.7.26\slf4j-api-1.7.26.jar;C:\Users\rnimje\.m2\repository\ch\qos\logback\logback-core\1.2.3\logback-core-1.2.3.jar;, java.specification.name=Java Platform API Specification, java.class.version=52.0, sun.management.compiler=HotSpot Client Compiler, os.version=6.1, user.home=C:\Users\rnimje, user.timezone=Asia/Calcutta, java.awt.printerjob=sun.awt.windows.WPrinterJob, file.encoding=Cp1252, java.specification.version=1.8, java.class.path=C:\Users\rnimje\Downloads\Eureka\hello-server\hello-server\target\test-classes;C:\Users\rnimje\Downloads\Eureka\hello-server\hello-server\target\classes;C:\Users\rnimje\.m2\repository\org\springframework\cloud\spring-cloud-starter-netflix-eureka-client\1.4.6.RELEASE\spring-cloud-starter-netflix-eureka-client-1.4.6.RELEASE.jar;C:\Users\rnimje\.m2\repository\org\springframework\boot\spring-boot-starter-web\1.5.20.RELEASE\spring-boot-starter-web-1.5.20.RELEASE.jar;C:\Users\rnimje\.m2\repository\org\springframework\boot\spring-boot-starter\1.5.20.RELEASE\spring-boot-starter-1.5.20.RELEASE.jar;C:\Users\rnimje\.m2\repository\org\springframework\boot\spring-boot-starter-logging\1.5.20.RELEASE\spring-boot-starter-logging-1.5.20.RELEASE.jar;C:\Users\rnimje\.m2\repository\org\slf4j\jcl-over-slf4j\1.7.26\jcl-over-slf4j-1.7.26.jar;C:\Users\rnimje\.m2\repository\org\slf4j\jul-to-slf4j\1.7.26\jul-to-slf4j-1.7.26.jar;C:\Users\rnimje\.m2\repository\org\slf4j\log4j-over-slf4j\1.7.26\log4j-over-slf4j-1.7.26.jar;C:\Users\rnimje\.m2\repository\org\yaml\snakeyaml\1.17\snakeyaml-1.17.jar;C:\Users\rnimje\.m2\repository\org\springframework\boot\spring-boot-starter-tomcat\1.5.20.RELEASE\spring-boot-starter-tomcat-1.5.20.RELEASE.jar;C:\Users\rnimje\.m2\repository\org\apache\tomcat\embed\tomcat-embed-core\8.5.39\tomcat-embed-core-8.5.39.jar;C:\Users\rnimje\.m2\repository\org\apache\tomcat\tomcat-annotations-api\8.5.39\tomcat-annotations-api-8.5.39.jar;C:\Users\rnimje\.m2\repository\org\apache\tomcat\embed\tomcat-embed-el\8.5.39\tomcat-embed-el-8.5.39.jar;C:\Users\rnimje\.m2\repository\org\apache\tomcat\embed\tomcat-embed-websocket\8.5.39\tomcat-embed-websocket-8.5.39.jar;C:\Users\rnimje\.m2\repository\org\hibernate\hibernate-validator\5.3.6.Final\hibernate-validator-5.3.6.Final.jar;C:\Users\rnimje\.m2\repository\javax\validation\validation-api\1.1.0.Final\validation-api-1.1.0.Final.jar;C:\Users\rnimje\.m2\repository\org\jboss\logging\jboss-logging\3.3.2.Final\jboss-logging-3.3.2.Final.jar;C:\Users\rnimje\.m2\repository\com\fasterxml\classmate\1.3.4\classmate-1.3.4.jar;C:\Users\rnimje\.m2\repository\com\fasterxml\jackson\core\jackson-databind\2.8.11.3\jackson-databind-2.8.11.3.jar;C:\Users\rnimje\.m2\repository\org\springframework\spring-web\4.3.23.RELEASE\spring-web-4.3.23.RELEASE.jar;C:\Users\rnimje\.m2\repository\org\springframework\spring-aop\4.3.23.RELEASE\spring-aop-4.3.23.RELEASE.jar;C:\Users\rnimje\.m2\repository\org\springframework\spring-beans\4.3.23.RELEASE\spring-beans-4.3.23.RELEASE.jar;C:\Users\rnimje\.m2\repository\org\springframework\spring-context\4.3.23.RELEASE\spring-context-4.3.23.RELEASE.jar;C:\Users\rnimje\.m2\repository\org\springframework\spring-webmvc\4.3.23.RELEASE\spring-webmvc-4.3.23.RELEASE.jar;C:\Users\rnimje\.m2\repository\org\springframework\spring-expression\4.3.23.RELEASE\spring-expression-4.3.23.RELEASE.jar;C:\Users\rnimje\.m2\repository\org\springframework\cloud\spring-cloud-starter\1.3.5.RELEASE\spring-cloud-starter-1.3.5.RELEASE.jar;C:\Users\rnimje\.m2\repository\org\springframework\cloud\spring-cloud-context\1.3.5.RELEASE\spring-cloud-context-1.3.5.RELEASE.jar;C:\Users\rnimje\.m2\repository\org\springframework\security\spring-security-crypto\4.2.12.RELEASE\spring-security-crypto-4.2.12.RELEASE.jar;C:\Users\rnimje\.m2\repository\org\springframework\cloud\spring-cloud-commons\1.3.5.RELEASE\spring-cloud-commons-1.3.5.RELEASE.jar;C:\Users\rnimje\.m2\repository\org\springframework\security\spring-security-rsa\1.0.3.RELEASE\spring-security-rsa-1.0.3.RELEASE.jar;C:\Users\rnimje\.m2\repository\org\bouncycastle\bcpkix-jdk15on\1.55\bcpkix-jdk15on-1.55.jar;C:\Users\rnimje\.m2\repository\org\bouncycastle\bcprov-jdk15on\1.55\bcprov-jdk15on-1.55.jar;C:\Users\rnimje\.m2\repository\org\springframework\cloud\spring-cloud-netflix-core\1.4.6.RELEASE\spring-cloud-netflix-core-1.4.6.RELEASE.jar;C:\Users\rnimje\.m2\repository\org\springframework\boot\spring-boot\1.5.20.RELEASE\spring-boot-1.5.20.RELEASE.jar;C:\Users\rnimje\.m2\repository\org\springframework\boot\spring-boot-autoconfigure\1.5.20.RELEASE\spring-boot-autoconfigure-1.5.20.RELEASE.jar;C:\Users\rnimje\.m2\repository\org\springframework\cloud\spring-cloud-netflix-eureka-client\1.4.6.RELEASE\spring-cloud-netflix-eureka-client-1.4.6.RELEASE.jar;C:\Users\rnimje\.m2\repository\com\netflix\eureka\eureka-client\1.7.2\eureka-client-1.7.2.jar;C:\Users\rnimje\.m2\repository\org\codehaus\jettison\jettison\1.3.7\jettison-1.3.7.jar;C:\Users\rnimje\.m2\repository\stax\stax-api\1.0.1\stax-api-1.0.1.jar;C:\Users\rnimje\.m2\repository\com\netflix\netflix-commons\netflix-eventbus\0.3.0\netflix-eventbus-0.3.0.jar;C:\Users\rnimje\.m2\repository\com\netflix\netflix-commons\netflix-infix\0.3.0\netflix-infix-0.3.0.jar;C:\Users\rnimje\.m2\repository\commons-jxpath\commons-jxpath\1.3\commons-jxpath-1.3.jar;C:\Users\rnimje\.m2\repository\joda-time\joda-time\2.9.9\joda-time-2.9.9.jar;C:\Users\rnimje\.m2\repository\org\antlr\antlr-runtime\3.4\antlr-runtime-3.4.jar;C:\Users\rnimje\.m2\repository\org\antlr\stringtemplate\3.2.1\stringtemplate-3.2.1.jar;C:\Users\rnimje\.m2\repository\antlr\antlr\2.7.7\antlr-2.7.7.jar;C:\Users\rnimje\.m2\repository\com\google\code\gson\gson\2.8.5\gson-2.8.5.jar;C:\Users\rnimje\.m2\repository\org\apache\commons\commons-math\2.2\commons-math-2.2.jar;C:\Users\rnimje\.m2\repository\com\netflix\archaius\archaius-core\0.7.4\archaius-core-0.7.4.jar;C:\Users\rnimje\.m2\repository\javax\ws\rs\jsr311-api\1.1.1\jsr311-api-1.1.1.jar;C:\Users\rnimje\.m2\repository\com\netflix\servo\servo-core\0.10.1\servo-core-0.10.1.jar;C:\Users\rnimje\.m2\repository\com\netflix\servo\servo-internal\0.10.1\servo-internal-0.10.1.jar;C:\Users\rnimje\.m2\repository\com\sun\jersey\jersey-core\1.19.1\jersey-core-1.19.1.jar;C:\Users\rnimje\.m2\repository\com\sun\jersey\jersey-client\1.19.1\jersey-client-1.19.1.jar;C:\Users\rnimje\.m2\repository\com\sun\jersey\contribs\jersey-apache-client4\1.19.1\jersey-apache-client4-1.19.1.jar;C:\Users\rnimje\.m2\repository\org\apache\httpcomponents\httpclient\4.5.8\httpclient-4.5.8.jar;C:\Users\rnimje\.m2\repository\org\apache\httpcomponents\httpcore\4.4.11\httpcore-4.4.11.jar;C:\Users\rnimje\.m2\repository\commons-codec\commons-codec\1.10\commons-codec-1.10.jar;C:\Users\rnimje\.m2\repository\com\google\inject\guice\4.1.0\guice-4.1.0.jar;C:\Users\rnimje\.m2\repository\javax\inject\javax.inject\1\javax.inject-1.jar;C:\Users\rnimje\.m2\repository\aopalliance\aopalliance\1.0\aopalliance-1.0.jar;C:\Users\rnimje\.m2\repository\com\fasterxml\jackson\core\jackson-annotations\2.8.0\jackson-annotations-2.8.0.jar;C:\Users\rnimje\.m2\repository\com\fasterxml\jackson\core\jackson-core\2.8.11\jackson-core-2.8.11.jar;C:\Users\rnimje\.m2\repository\com\netflix\eureka\eureka-core\1.7.2\eureka-core-1.7.2.jar;C:\Users\rnimje\.m2\repository\org\codehaus\woodstox\woodstox-core-asl\4.4.1\woodstox-core-asl-4.4.1.jar;C:\Users\rnimje\.m2\repository\javax\xml\stream\stax-api\1.0-2\stax-api-1.0-2.jar;C:\Users\rnimje\.m2\repository\org\codehaus\woodstox\stax2-api\3.1.4\stax2-api-3.1.4.jar;C:\Users\rnimje\.m2\repository\org\springframework\cloud\spring-cloud-starter-netflix-archaius\1.4.6.RELEASE\spring-cloud-starter-netflix-archaius-1.4.6.RELEASE.jar;C:\Users\rnimje\.m2\repository\commons-configuration\commons-configuration\1.8\commons-configuration-1.8.jar;C:\Users\rnimje\.m2\repository\commons-lang\commons-lang\2.6\commons-lang-2.6.jar;C:\Users\rnimje\.m2\repository\com\google\guava\guava\18.0\guava-18.0.jar;C:\Users\rnimje\.m2\repository\org\springframework\cloud\spring-cloud-starter-netflix-ribbon\1.4.6.RELEASE\spring-cloud-starter-netflix-ribbon-1.4.6.RELEASE.jar;C:\Users\rnimje\.m2\repository\com\netflix\ribbon\ribbon\2.2.5\ribbon-2.2.5.jar;C:\Users\rnimje\.m2\repository\com\netflix\ribbon\ribbon-transport\2.2.5\ribbon-transport-2.2.5.jar;C:\Users\rnimje\.m2\repository\io\reactivex\rxnetty-contexts\0.4.9\rxnetty-contexts-0.4.9.jar;C:\Users\rnimje\.m2\repository\io\reactivex\rxnetty-servo\0.4.9\rxnetty-servo-0.4.9.jar;C:\Users\rnimje\.m2\repository\com\netflix\hystrix\hystrix-core\1.5.12\hystrix-core-1.5.12.jar;C:\Users\rnimje\.m2\repository\org\hdrhistogram\HdrHistogram\2.1.9\HdrHistogram-2.1.9.jar;C:\Users\rnimje\.m2\repository\io\reactivex\rxnetty\0.4.9\rxnetty-0.4.9.jar;C:\Users\rnimje\.m2\repository\com\netflix\ribbon\ribbon-core\2.2.5\ribbon-core-2.2.5.jar;C:\Users\rnimje\.m2\repository\com\netflix\ribbon\ribbon-httpclient\2.2.5\ribbon-httpclient-2.2.5.jar;C:\Users\rnimje\.m2\repository\commons-collections\commons-collections\3.2.2\commons-collections-3.2.2.jar;C:\Users\rnimje\.m2\repository\com\netflix\netflix-commons\netflix-commons-util\0.1.1\netflix-commons-util-0.1.1.jar;C:\Users\rnimje\.m2\repository\com\netflix\ribbon\ribbon-loadbalancer\2.2.5\ribbon-loadbalancer-2.2.5.jar;C:\Users\rnimje\.m2\repository\com\netflix\netflix-commons\netflix-statistics\0.1.1\netflix-statistics-0.1.1.jar;C:\Users\rnimje\.m2\repository\io\reactivex\rxjava\1.2.0\rxjava-1.2.0.jar;C:\Users\rnimje\.m2\repository\com\netflix\ribbon\ribbon-eureka\2.2.5\ribbon-eureka-2.2.5.jar;C:\Users\rnimje\.m2\repository\com\thoughtworks\xstream\xstream\1.4.10\xstream-1.4.10.jar;C:\Users\rnimje\.m2\repository\xmlpull\xmlpull\1.1.3.1\xmlpull-1.1.3.1.jar;C:\Users\rnimje\.m2\repository\xpp3\xpp3_min\1.1.4c\xpp3_min-1.1.4c.jar;C:\Users\rnimje\.m2\repository\org\springframework\boot\spring-boot-starter-test\1.5.20.RELEASE\spring-boot-starter-test-1.5.20.RELEASE.jar;C:\Users\rnimje\.m2\repository\org\springframework\boot\spring-boot-test\1.5.20.RELEASE\spring-boot-test-1.5.20.RELEASE.jar;C:\Users\rnimje\.m2\repository\org\springframework\boot\spring-boot-test-autoconfigure\1.5.20.RELEASE\spring-boot-test-autoconfigure-1.5.20.RELEASE.jar;C:\Users\rnimje\.m2\repository\com\jayway\jsonpath\json-path\2.2.0\json-path-2.2.0.jar;C:\Users\rnimje\.m2\repository\net\minidev\json-smart\2.2.1\json-smart-2.2.1.jar;C:\Users\rnimje\.m2\repository\net\minidev\accessors-smart\1.1\accessors-smart-1.1.jar;C:\Users\rnimje\.m2\repository\org\ow2\asm\asm\5.0.3\asm-5.0.3.jar;C:\Users\rnimje\.m2\repository\junit\junit\4.12\junit-4.12.jar;C:\Users\rnimje\.m2\repository\org\assertj\assertj-core\2.6.0\assertj-core-2.6.0.jar;C:\Users\rnimje\.m2\repository\org\mockito\mockito-core\1.10.19\mockito-core-1.10.19.jar;C:\Users\rnimje\.m2\repository\org\objenesis\objenesis\2.1\objenesis-2.1.jar;C:\Users\rnimje\.m2\repository\org\hamcrest\hamcrest-core\1.3\hamcrest-core-1.3.jar;C:\Users\rnimje\.m2\repository\org\hamcrest\hamcrest-library\1.3\hamcrest-library-1.3.jar;C:\Users\rnimje\.m2\repository\org\skyscreamer\jsonassert\1.4.0\jsonassert-1.4.0.jar;C:\Users\rnimje\.m2\repository\com\vaadin\external\google\android-json\0.0.20131108.vaadin1\android-json-0.0.20131108.vaadin1.jar;C:\Users\rnimje\.m2\repository\org\springframework\spring-core\4.3.23.RELEASE\spring-core-4.3.23.RELEASE.jar;C:\Users\rnimje\.m2\repository\org\springframework\spring-test\4.3.23.RELEASE\spring-test-4.3.23.RELEASE.jar;C:\Users\rnimje\.m2\repository\ch\qos\logback\logback-classic\1.2.3\logback-classic-1.2.3.jar;C:\Users\rnimje\.m2\repository\org\slf4j\slf4j-api\1.7.26\slf4j-api-1.7.26.jar;C:\Users\rnimje\.m2\repository\ch\qos\logback\logback-core\1.2.3\logback-core-1.2.3.jar;, user.name=rnimje, java.vm.specification.version=1.8, sun.java.command=C:\Users\rnimje\Downloads\Eureka\hello-server\hello-server\target\surefire\surefirebooter7450049370477704335.jar C:\Users\rnimje\Downloads\Eureka\hello-server\hello-server\target\surefire\surefire3349880839953811696tmp C:\Users\rnimje\Downloads\Eureka\hello-server\hello-server\target\surefire\surefire_05533589445834684414tmp, java.home=C:\Program Files (x86)\Java\jdk1.8.0_172\jre, sun.arch.data.model=32, user.language=en, java.specification.vendor=Oracle Corporation, awt.toolkit=sun.awt.windows.WToolkit, java.vm.info=mixed mode, java.version=1.8.0_172, java.ext.dirs=C:\Program Files (x86)\Java\jdk1.8.0_172\jre\lib\ext;C:\WINDOWS\Sun\Java\lib\ext, sun.boot.class.path=C:\Program Files (x86)\Java\jdk1.8.0_172\jre\lib\resources.jar;C:\Program Files (x86)\Java\jdk1.8.0_172\jre\lib\rt.jar;C:\Program Files (x86)\Java\jdk1.8.0_172\jre\lib\sunrsasign.jar;C:\Program Files (x86)\Java\jdk1.8.0_172\jre\lib\jsse.jar;C:\Program Files (x86)\Java\jdk1.8.0_172\jre\lib\jce.jar;C:\Program Files (x86)\Java\jdk1.8.0_172\jre\lib\charsets.jar;C:\Program Files (x86)\Java\jdk1.8.0_172\jre\lib\jfr.jar;C:\Program Files (x86)\Java\jdk1.8.0_172\jre\classes, java.vendor=Oracle Corporation, localRepository=C:\Users\rnimje\.m2\repository, file.separator=\, java.vendor.url.bug=http://bugreport.sun.com/bugreport/, sun.io.unicode.encoding=UnicodeLittle, sun.cpu.endian=little, sun.desktop=windows, sun.cpu.isalist=pentium_pro+mmx pentium_pro pentium+mmx pentium i486 i386 i86}}, SystemEnvironmentPropertySource@5754224 {name='systemEnvironment', properties={PATH=C:/Users/Public/Documents/sts-bundle-3.9.4_x64/sts-bundle-3.9.4_x64/sts-3.9.4.RELEASE/jre/bin/server;C:/Users/Public/Documents/sts-bundle-3.9.4_x64/sts-bundle-3.9.4_x64/sts-3.9.4.RELEASE/jre/bin;C:/Users/Public/Documents/sts-bundle-3.9.4_x64/sts-bundle-3.9.4_x64/sts-3.9.4.RELEASE/jre/lib/amd64;C:\Program Files\Python37\Scripts\;C:\Program Files\Python37\;C:\Program Files (x86)\Common Files\Oracle\Java\javapath;C:\WINDOWS\system32;C:\WINDOWS;C:\WINDOWS\System32\Wbem;C:\WINDOWS\System32\WindowsPowerShell\v1.0\;C:\Program Files (x86)\Sennheiser\SoftphoneSDK\;C:\Program Files\TortoiseSVN\bin;C:\WINDOWS\CCM;C:\WINDOWS\CCM;C:\WINDOWS\CCM;C:\WINDOWS\CCM;C:\Program Files\TortoiseGit\bin;C:\Program Files\PuTTY\;C:\Users\Public\Documents\apache-maven-3.5.3-bin\apache-maven-3.5.3-bin\bin;C:\Program Files\Cloud Foundry;C:\Program Files\Git\cmd;C:\Program Files\nodejs\;C:\Users\rnimje\AppData\Roaming\npm;C:\Program Files (x86)\Microsoft SQL Server\100\Tools\Binn\;C:\Program Files\Microsoft SQL Server\100\Tools\Binn\;C:\Program Files\Microsoft SQL Server\100\DTS\Binn\;C:\Program Files (x86)\Microsoft SQL Server\100\Tools\Binn\VSShell\Common7\IDE\;C:\Program Files (x86)\Microsoft Visual Studio 9.0\Common7\IDE\PrivateAssemblies\;C:\Program Files (x86)\Microsoft SQL Server\100\DTS\Binn\;C:\Program Files (x86)\ActivIdentity\ActivClient\;C:\Program Files\ActivIdentity\ActivClient\;;C:\Users\Public\Documents\sts-bundle-3.9.4_x64\sts-bundle-3.9.4_x64\sts-3.9.4.RELEASE;, USERDOMAIN_ROAMINGPROFILE=IGATEGEGDC, NO_PROXY=192.168.99.100, PROCESSOR_LEVEL=6, SYSTEMDRIVE=C:, FP_NO_HOST_CHECK=NO, SESSIONNAME=Console, ALLUSERSPROFILE=C:\ProgramData, PROCESSOR_ARCHITECTURE=x86, PROGRAMFILES=C:\Program Files (x86), =A:=A:\, PSMODULEPATH=C:\WINDOWS\system32\WindowsPowerShell\v1.0\Modules\, PROGRAMDATA=C:\ProgramData, USERNAME=rnimje, USERDNSDOMAIN=IGATEGEGDC.COM, ONEDRIVE=C:\Users\rnimje\OneDrive, PATHEXT=.COM;.EXE;.BAT;.CMD;.VBS;.VBE;.JS;.JSE;.WSF;.WSH;.MSC;.PY;.PYW, COMPOSE_CONVERT_WINDOWS_PATHS=true, PROCESSOR_ARCHITEW6432=AMD64, WINDIR=C:\WINDOWS, HOMEPATH=\Users\rnimje, QIP3764=0, PROCESSOR_IDENTIFIER=Intel64 Family 6 Model 58 Stepping 9, GenuineIntel, M2_HOME=C:\Users\Public\Documents\apache-maven-3.5.3-bin\apache-maven-3.5.3-bin, PUBLIC=C:\Users\Public, =::=::\, LOCALAPPDATA=C:\Users\rnimje\AppData\Local, COMMONPROGRAMFILES(X86)=C:\Program Files (x86)\Common Files, DOCKER_HOST=tcp://192.168.99.100:2376, USERDOMAIN=IGATEGEGDC, LOGONSERVER=\\TRITON-S, LDMS_LOCAL_DIR=C:\Program Files (x86)\LANDesk\LDClient\Data, PROMPT=$P$G, PROGRAMFILES(X86)=C:\Program Files (x86), QIP2104=0, =C:=C:\Users\rnimje\Downloads\Eureka\hello-server\hello-server, APPDATA=C:\Users\rnimje\AppData\Roaming, DOCKER_MACHINE_NAME=default, DOCKER_CERT_PATH=C:\Users\rnimje\.docker\machine\machines\default, PROGRAMW6432=C:\Program Files, SYSTEMROOT=C:\WINDOWS, VBOX_MSI_INSTALL_PATH=C:\Program Files\Oracle\VirtualBox\, OS=Windows_NT, COMMONPROGRAMW6432=C:\Program Files\Common Files, COMPUTERNAME=GDCCKPDT163331, COMMONPROGRAMFILES=C:\Program Files (x86)\Common Files, COMSPEC=C:\WINDOWS\system32\cmd.exe, PROCESSOR_REVISION=3a09, UATDATA=C:\WINDOWS\CCM\UATData\D9F8C395-CAB8-491d-B8AC-179A1FE1BE77, DOCKER_TLS_VERIFY=1, TEMP=C:\Users\rnimje\AppData\Local\Temp, HOMEDRIVE=C:, USERPROFILE=C:\Users\rnimje, TMP=C:\Users\rnimje\AppData\Local\Temp, NUMBER_OF_PROCESSORS=4, DOCKER_TOOLBOX_INSTALL_PATH=C:\Program Files\Docker Toolbox}}]
15:32:53.467 [main] DEBUG org.springframework.core.io.support.PathMatchingResourcePatternResolver - Resolved classpath location [com/rmnprime/cloud/helloserver/] to resources [URL [file:/C:/Users/rnimje/Downloads/Eureka/hello-server/hello-server/target/test-classes/com/rmnprime/cloud/helloserver/], URL [file:/C:/Users/rnimje/Downloads/Eureka/hello-server/hello-server/target/classes/com/rmnprime/cloud/helloserver/]]
15:32:53.467 [main] DEBUG org.springframework.core.io.support.PathMatchingResourcePatternResolver - Looking for matching resources in directory tree [C:\Users\rnimje\Downloads\Eureka\hello-server\hello-server\target\test-classes\com\rmnprime\cloud\helloserver]
15:32:53.467 [main] DEBUG org.springframework.core.io.support.PathMatchingResourcePatternResolver - Searching directory [C:\Users\rnimje\Downloads\Eureka\hello-server\hello-server\target\test-classes\com\rmnprime\cloud\helloserver] for files matching pattern [C:/Users/rnimje/Downloads/Eureka/hello-server/hello-server/target/test-classes/com/rmnprime/cloud/helloserver/*.class]
15:32:53.483 [main] DEBUG org.springframework.core.io.support.PathMatchingResourcePatternResolver - Looking for matching resources in directory tree [C:\Users\rnimje\Downloads\Eureka\hello-server\hello-server\target\classes\com\rmnprime\cloud\helloserver]
15:32:53.483 [main] DEBUG org.springframework.core.io.support.PathMatchingResourcePatternResolver - Searching directory [C:\Users\rnimje\Downloads\Eureka\hello-server\hello-server\target\classes\com\rmnprime\cloud\helloserver] for files matching pattern [C:/Users/rnimje/Downloads/Eureka/hello-server/hello-server/target/classes/com/rmnprime/cloud/helloserver/*.class]
15:32:53.483 [main] DEBUG org.springframework.core.io.support.PathMatchingResourcePatternResolver - Resolved location pattern [classpath*:com/rmnprime/cloud/helloserver/*.class] to resources [file [C:\Users\rnimje\Downloads\Eureka\hello-server\hello-server\target\test-classes\com\rmnprime\cloud\helloserver\HelloServerApplicationTests.class], file [C:\Users\rnimje\Downloads\Eureka\hello-server\hello-server\target\classes\com\rmnprime\cloud\helloserver\HelloServerApplication.class]]
15:32:53.545 [main] DEBUG org.springframework.core.io.support.PathMatchingResourcePatternResolver - Resolved classpath location [com/rmnprime/cloud/] to resources [URL [file:/C:/Users/rnimje/Downloads/Eureka/hello-server/hello-server/target/test-classes/com/rmnprime/cloud/], URL [file:/C:/Users/rnimje/Downloads/Eureka/hello-server/hello-server/target/classes/com/rmnprime/cloud/]]
15:32:53.545 [main] DEBUG org.springframework.core.io.support.PathMatchingResourcePatternResolver - Looking for matching resources in directory tree [C:\Users\rnimje\Downloads\Eureka\hello-server\hello-server\target\test-classes\com\rmnprime\cloud]
15:32:53.545 [main] DEBUG org.springframework.core.io.support.PathMatchingResourcePatternResolver - Searching directory [C:\Users\rnimje\Downloads\Eureka\hello-server\hello-server\target\test-classes\com\rmnprime\cloud] for files matching pattern [C:/Users/rnimje/Downloads/Eureka/hello-server/hello-server/target/test-classes/com/rmnprime/cloud/*.class]
15:32:53.561 [main] DEBUG org.springframework.core.io.support.PathMatchingResourcePatternResolver - Looking for matching resources in directory tree [C:\Users\rnimje\Downloads\Eureka\hello-server\hello-server\target\classes\com\rmnprime\cloud]
15:32:53.561 [main] DEBUG org.springframework.core.io.support.PathMatchingResourcePatternResolver - Searching directory [C:\Users\rnimje\Downloads\Eureka\hello-server\hello-server\target\classes\com\rmnprime\cloud] for files matching pattern [C:/Users/rnimje/Downloads/Eureka/hello-server/hello-server/target/classes/com/rmnprime/cloud/*.class]
15:32:53.561 [main] DEBUG org.springframework.core.io.support.PathMatchingResourcePatternResolver - Resolved location pattern [classpath*:com/rmnprime/cloud/*.class] to resources []
15:32:53.561 [main] DEBUG org.springframework.core.io.support.PathMatchingResourcePatternResolver - Resolved classpath location [com/rmnprime/] to resources [URL [file:/C:/Users/rnimje/Downloads/Eureka/hello-server/hello-server/target/test-classes/com/rmnprime/], URL [file:/C:/Users/rnimje/Downloads/Eureka/hello-server/hello-server/target/classes/com/rmnprime/]]
15:32:53.561 [main] DEBUG org.springframework.core.io.support.PathMatchingResourcePatternResolver - Looking for matching resources in directory tree [C:\Users\rnimje\Downloads\Eureka\hello-server\hello-server\target\test-classes\com\rmnprime]
15:32:53.561 [main] DEBUG org.springframework.core.io.support.PathMatchingResourcePatternResolver - Searching directory [C:\Users\rnimje\Downloads\Eureka\hello-server\hello-server\target\test-classes\com\rmnprime] for files matching pattern [C:/Users/rnimje/Downloads/Eureka/hello-server/hello-server/target/test-classes/com/rmnprime/*.class]
15:32:53.561 [main] DEBUG org.springframework.core.io.support.PathMatchingResourcePatternResolver - Looking for matching resources in directory tree [C:\Users\rnimje\Downloads\Eureka\hello-server\hello-server\target\classes\com\rmnprime]
15:32:53.561 [main] DEBUG org.springframework.core.io.support.PathMatchingResourcePatternResolver - Searching directory [C:\Users\rnimje\Downloads\Eureka\hello-server\hello-server\target\classes\com\rmnprime] for files matching pattern [C:/Users/rnimje/Downloads/Eureka/hello-server/hello-server/target/classes/com/rmnprime/*.class]
15:32:53.561 [main] DEBUG org.springframework.core.io.support.PathMatchingResourcePatternResolver - Resolved location pattern [classpath*:com/rmnprime/*.class] to resources []
15:32:53.576 [main] DEBUG org.springframework.core.io.support.PathMatchingResourcePatternResolver - Resolved classpath location [com/] to resources [URL [file:/C:/Users/rnimje/Downloads/Eureka/hello-server/hello-server/target/test-classes/com/], URL [file:/C:/Users/rnimje/Downloads/Eureka/hello-server/hello-server/target/classes/com/], URL [jar:file:/C:/Users/rnimje/.m2/repository/com/fasterxml/classmate/1.3.4/classmate-1.3.4.jar!/com/], URL [jar:file:/C:/Users/rnimje/.m2/repository/com/fasterxml/jackson/core/jackson-databind/2.8.11.3/jackson-databind-2.8.11.3.jar!/com/], URL [jar:file:/C:/Users/rnimje/.m2/repository/com/netflix/eureka/eureka-client/1.7.2/eureka-client-1.7.2.jar!/com/], URL [jar:file:/C:/Users/rnimje/.m2/repository/com/netflix/netflix-commons/netflix-eventbus/0.3.0/netflix-eventbus-0.3.0.jar!/com/], URL [jar:file:/C:/Users/rnimje/.m2/repository/com/netflix/netflix-commons/netflix-infix/0.3.0/netflix-infix-0.3.0.jar!/com/], URL [jar:file:/C:/Users/rnimje/.m2/repository/com/google/code/gson/gson/2.8.5/gson-2.8.5.jar!/com/], URL [jar:file:/C:/Users/rnimje/.m2/repository/com/netflix/archaius/archaius-core/0.7.4/archaius-core-0.7.4.jar!/com/], URL [jar:file:/C:/Users/rnimje/.m2/repository/com/netflix/servo/servo-core/0.10.1/servo-core-0.10.1.jar!/com/], URL [jar:file:/C:/Users/rnimje/.m2/repository/com/netflix/servo/servo-internal/0.10.1/servo-internal-0.10.1.jar!/com/], URL [jar:file:/C:/Users/rnimje/.m2/repository/com/sun/jersey/jersey-core/1.19.1/jersey-core-1.19.1.jar!/com/], URL [jar:file:/C:/Users/rnimje/.m2/repository/com/sun/jersey/jersey-client/1.19.1/jersey-client-1.19.1.jar!/com/], URL [jar:file:/C:/Users/rnimje/.m2/repository/com/sun/jersey/contribs/jersey-apache-client4/1.19.1/jersey-apache-client4-1.19.1.jar!/com/], URL [jar:file:/C:/Users/rnimje/.m2/repository/com/google/inject/guice/4.1.0/guice-4.1.0.jar!/com/], URL [jar:file:/C:/Users/rnimje/.m2/repository/com/fasterxml/jackson/core/jackson-annotations/2.8.0/jackson-annotations-2.8.0.jar!/com/], URL [jar:file:/C:/Users/rnimje/.m2/repository/com/fasterxml/jackson/core/jackson-core/2.8.11/jackson-core-2.8.11.jar!/com/], URL [jar:file:/C:/Users/rnimje/.m2/repository/com/netflix/eureka/eureka-core/1.7.2/eureka-core-1.7.2.jar!/com/], URL [jar:file:/C:/Users/rnimje/.m2/repository/org/codehaus/woodstox/woodstox-core-asl/4.4.1/woodstox-core-asl-4.4.1.jar!/com/], URL [jar:file:/C:/Users/rnimje/.m2/repository/com/google/guava/guava/18.0/guava-18.0.jar!/com/], URL [jar:file:/C:/Users/rnimje/.m2/repository/com/netflix/ribbon/ribbon/2.2.5/ribbon-2.2.5.jar!/com/], URL [jar:file:/C:/Users/rnimje/.m2/repository/com/netflix/ribbon/ribbon-transport/2.2.5/ribbon-transport-2.2.5.jar!/com/], URL [jar:file:/C:/Users/rnimje/.m2/repository/io/reactivex/rxnetty-contexts/0.4.9/rxnetty-contexts-0.4.9.jar!/com/], URL [jar:file:/C:/Users/rnimje/.m2/repository/com/netflix/hystrix/hystrix-core/1.5.12/hystrix-core-1.5.12.jar!/com/], URL [jar:file:/C:/Users/rnimje/.m2/repository/com/netflix/ribbon/ribbon-core/2.2.5/ribbon-core-2.2.5.jar!/com/], URL [jar:file:/C:/Users/rnimje/.m2/repository/com/netflix/ribbon/ribbon-httpclient/2.2.5/ribbon-httpclient-2.2.5.jar!/com/], URL [jar:file:/C:/Users/rnimje/.m2/repository/com/netflix/netflix-commons/netflix-commons-util/0.1.1/netflix-commons-util-0.1.1.jar!/com/], URL [jar:file:/C:/Users/rnimje/.m2/repository/com/netflix/ribbon/ribbon-loadbalancer/2.2.5/ribbon-loadbalancer-2.2.5.jar!/com/], URL [jar:file:/C:/Users/rnimje/.m2/repository/com/netflix/netflix-commons/netflix-statistics/0.1.1/netflix-statistics-0.1.1.jar!/com/], URL [jar:file:/C:/Users/rnimje/.m2/repository/com/netflix/ribbon/ribbon-eureka/2.2.5/ribbon-eureka-2.2.5.jar!/com/], URL [jar:file:/C:/Users/rnimje/.m2/repository/com/thoughtworks/xstream/xstream/1.4.10/xstream-1.4.10.jar!/com/], URL [jar:file:/C:/Users/rnimje/.m2/repository/com/jayway/jsonpath/json-path/2.2.0/json-path-2.2.0.jar!/com/]]
15:32:53.576 [main] DEBUG org.springframework.core.io.support.PathMatchingResourcePatternResolver - Looking for matching resources in directory tree [C:\Users\rnimje\Downloads\Eureka\hello-server\hello-server\target\test-classes\com]
15:32:53.576 [main] DEBUG org.springframework.core.io.support.PathMatchingResourcePatternResolver - Searching directory [C:\Users\rnimje\Downloads\Eureka\hello-server\hello-server\target\test-classes\com] for files matching pattern [C:/Users/rnimje/Downloads/Eureka/hello-server/hello-server/target/test-classes/com/*.class]
15:32:53.576 [main] DEBUG org.springframework.core.io.support.PathMatchingResourcePatternResolver - Looking for matching resources in directory tree [C:\Users\rnimje\Downloads\Eureka\hello-server\hello-server\target\classes\com]
15:32:53.576 [main] DEBUG org.springframework.core.io.support.PathMatchingResourcePatternResolver - Searching directory [C:\Users\rnimje\Downloads\Eureka\hello-server\hello-server\target\classes\com] for files matching pattern [C:/Users/rnimje/Downloads/Eureka/hello-server/hello-server/target/classes/com/*.class]
15:32:53.576 [main] DEBUG org.springframework.core.io.support.PathMatchingResourcePatternResolver - Looking for matching resources in jar file [file:/C:/Users/rnimje/.m2/repository/com/fasterxml/classmate/1.3.4/classmate-1.3.4.jar]
15:32:53.592 [main] DEBUG org.springframework.core.io.support.PathMatchingResourcePatternResolver - Looking for matching resources in jar file [file:/C:/Users/rnimje/.m2/repository/com/fasterxml/jackson/core/jackson-databind/2.8.11.3/jackson-databind-2.8.11.3.jar]
15:32:53.608 [main] DEBUG org.springframework.core.io.support.PathMatchingResourcePatternResolver - Looking for matching resources in jar file [file:/C:/Users/rnimje/.m2/repository/com/netflix/eureka/eureka-client/1.7.2/eureka-client-1.7.2.jar]
15:32:53.623 [main] DEBUG org.springframework.core.io.support.PathMatchingResourcePatternResolver - Looking for matching resources in jar file [file:/C:/Users/rnimje/.m2/repository/com/netflix/netflix-commons/netflix-eventbus/0.3.0/netflix-eventbus-0.3.0.jar]
15:32:53.623 [main] DEBUG org.springframework.core.io.support.PathMatchingResourcePatternResolver - Looking for matching resources in jar file [file:/C:/Users/rnimje/.m2/repository/com/netflix/netflix-commons/netflix-infix/0.3.0/netflix-infix-0.3.0.jar]
15:32:53.639 [main] DEBUG org.springframework.core.io.support.PathMatchingResourcePatternResolver - Looking for matching resources in jar file [file:/C:/Users/rnimje/.m2/repository/com/google/code/gson/gson/2.8.5/gson-2.8.5.jar]
15:32:53.639 [main] DEBUG org.springframework.core.io.support.PathMatchingResourcePatternResolver - Looking for matching resources in jar file [file:/C:/Users/rnimje/.m2/repository/com/netflix/archaius/archaius-core/0.7.4/archaius-core-0.7.4.jar]
15:32:53.639 [main] DEBUG org.springframework.core.io.support.PathMatchingResourcePatternResolver - Looking for matching resources in jar file [file:/C:/Users/rnimje/.m2/repository/com/netflix/servo/servo-core/0.10.1/servo-core-0.10.1.jar]
15:32:53.639 [main] DEBUG org.springframework.core.io.support.PathMatchingResourcePatternResolver - Looking for matching resources in jar file [file:/C:/Users/rnimje/.m2/repository/com/netflix/servo/servo-internal/0.10.1/servo-internal-0.10.1.jar]
15:32:53.639 [main] DEBUG org.springframework.core.io.support.PathMatchingResourcePatternResolver - Looking for matching resources in jar file [file:/C:/Users/rnimje/.m2/repository/com/sun/jersey/jersey-core/1.19.1/jersey-core-1.19.1.jar]
15:32:53.639 [main] DEBUG org.springframework.core.io.support.PathMatchingResourcePatternResolver - Looking for matching resources in jar file [file:/C:/Users/rnimje/.m2/repository/com/sun/jersey/jersey-client/1.19.1/jersey-client-1.19.1.jar]
15:32:53.639 [main] DEBUG org.springframework.core.io.support.PathMatchingResourcePatternResolver - Looking for matching resources in jar file [file:/C:/Users/rnimje/.m2/repository/com/sun/jersey/contribs/jersey-apache-client4/1.19.1/jersey-apache-client4-1.19.1.jar]
15:32:53.639 [main] DEBUG org.springframework.core.io.support.PathMatchingResourcePatternResolver - Looking for matching resources in jar file [file:/C:/Users/rnimje/.m2/repository/com/google/inject/guice/4.1.0/guice-4.1.0.jar]
15:32:53.639 [main] DEBUG org.springframework.core.io.support.PathMatchingResourcePatternResolver - Looking for matching resources in jar file [file:/C:/Users/rnimje/.m2/repository/com/fasterxml/jackson/core/jackson-annotations/2.8.0/jackson-annotations-2.8.0.jar]
15:32:53.639 [main] DEBUG org.springframework.core.io.support.PathMatchingResourcePatternResolver - Looking for matching resources in jar file [file:/C:/Users/rnimje/.m2/repository/com/fasterxml/jackson/core/jackson-core/2.8.11/jackson-core-2.8.11.jar]
15:32:53.639 [main] DEBUG org.springframework.core.io.support.PathMatchingResourcePatternResolver - Looking for matching resources in jar file [file:/C:/Users/rnimje/.m2/repository/com/netflix/eureka/eureka-core/1.7.2/eureka-core-1.7.2.jar]
15:32:53.654 [main] DEBUG org.springframework.core.io.support.PathMatchingResourcePatternResolver - Looking for matching resources in jar file [file:/C:/Users/rnimje/.m2/repository/org/codehaus/woodstox/woodstox-core-asl/4.4.1/woodstox-core-asl-4.4.1.jar]
15:32:53.654 [main] DEBUG org.springframework.core.io.support.PathMatchingResourcePatternResolver - Looking for matching resources in jar file [file:/C:/Users/rnimje/.m2/repository/com/google/guava/guava/18.0/guava-18.0.jar]
15:32:53.654 [main] DEBUG org.springframework.core.io.support.PathMatchingResourcePatternResolver - Looking for matching resources in jar file [file:/C:/Users/rnimje/.m2/repository/com/netflix/ribbon/ribbon/2.2.5/ribbon-2.2.5.jar]
15:32:53.654 [main] DEBUG org.springframework.core.io.support.PathMatchingResourcePatternResolver - Looking for matching resources in jar file [file:/C:/Users/rnimje/.m2/repository/com/netflix/ribbon/ribbon-transport/2.2.5/ribbon-transport-2.2.5.jar]
15:32:53.654 [main] DEBUG org.springframework.core.io.support.PathMatchingResourcePatternResolver - Looking for matching resources in jar file [file:/C:/Users/rnimje/.m2/repository/io/reactivex/rxnetty-contexts/0.4.9/rxnetty-contexts-0.4.9.jar]
15:32:53.654 [main] DEBUG org.springframework.core.io.support.PathMatchingResourcePatternResolver - Looking for matching resources in jar file [file:/C:/Users/rnimje/.m2/repository/com/netflix/hystrix/hystrix-core/1.5.12/hystrix-core-1.5.12.jar]
15:32:53.654 [main] DEBUG org.springframework.core.io.support.PathMatchingResourcePatternResolver - Looking for matching resources in jar file [file:/C:/Users/rnimje/.m2/repository/com/netflix/ribbon/ribbon-core/2.2.5/ribbon-core-2.2.5.jar]
15:32:53.654 [main] DEBUG org.springframework.core.io.support.PathMatchingResourcePatternResolver - Looking for matching resources in jar file [file:/C:/Users/rnimje/.m2/repository/com/netflix/ribbon/ribbon-httpclient/2.2.5/ribbon-httpclient-2.2.5.jar]
15:32:53.654 [main] DEBUG org.springframework.core.io.support.PathMatchingResourcePatternResolver - Looking for matching resources in jar file [file:/C:/Users/rnimje/.m2/repository/com/netflix/netflix-commons/netflix-commons-util/0.1.1/netflix-commons-util-0.1.1.jar]
15:32:53.654 [main] DEBUG org.springframework.core.io.support.PathMatchingResourcePatternResolver - Looking for matching resources in jar file [file:/C:/Users/rnimje/.m2/repository/com/netflix/ribbon/ribbon-loadbalancer/2.2.5/ribbon-loadbalancer-2.2.5.jar]
15:32:53.654 [main] DEBUG org.springframework.core.io.support.PathMatchingResourcePatternResolver - Looking for matching resources in jar file [file:/C:/Users/rnimje/.m2/repository/com/netflix/netflix-commons/netflix-statistics/0.1.1/netflix-statistics-0.1.1.jar]
15:32:53.654 [main] DEBUG org.springframework.core.io.support.PathMatchingResourcePatternResolver - Looking for matching resources in jar file [file:/C:/Users/rnimje/.m2/repository/com/netflix/ribbon/ribbon-eureka/2.2.5/ribbon-eureka-2.2.5.jar]
15:32:53.654 [main] DEBUG org.springframework.core.io.support.PathMatchingResourcePatternResolver - Looking for matching resources in jar file [file:/C:/Users/rnimje/.m2/repository/com/thoughtworks/xstream/xstream/1.4.10/xstream-1.4.10.jar]
15:32:53.654 [main] DEBUG org.springframework.core.io.support.PathMatchingResourcePatternResolver - Looking for matching resources in jar file [file:/C:/Users/rnimje/.m2/repository/com/jayway/jsonpath/json-path/2.2.0/json-path-2.2.0.jar]
15:32:53.654 [main] DEBUG org.springframework.core.io.support.PathMatchingResourcePatternResolver - Resolved location pattern [classpath*:com/*.class] to resources []
15:32:53.670 [main] DEBUG org.springframework.test.context.junit4.SpringJUnit4ClassRunner - SpringJUnit4ClassRunner constructor called with [class com.rmnprime.cloud.helloserver.HelloServerApplicationTests]
15:32:53.670 [main] DEBUG org.springframework.test.context.BootstrapUtils - Instantiating CacheAwareContextLoaderDelegate from class [org.springframework.test.context.cache.DefaultCacheAwareContextLoaderDelegate]
15:32:53.670 [main] DEBUG org.springframework.test.context.BootstrapUtils - Instantiating BootstrapContext using constructor [public org.springframework.test.context.support.DefaultBootstrapContext(java.lang.Class,org.springframework.test.context.CacheAwareContextLoaderDelegate)]
15:32:53.670 [main] DEBUG org.springframework.test.context.BootstrapUtils - Instantiating TestContextBootstrapper for test class [com.rmnprime.cloud.helloserver.HelloServerApplicationTests] from class [org.springframework.boot.test.context.SpringBootTestContextBootstrapper]
15:32:53.670 [main] INFO org.springframework.boot.test.context.SpringBootTestContextBootstrapper - Neither @ContextConfiguration nor @ContextHierarchy found for test class [com.rmnprime.cloud.helloserver.HelloServerApplicationTests], using SpringBootContextLoader
15:32:53.670 [main] DEBUG org.springframework.test.context.support.AbstractContextLoader - Did not detect default resource location for test class [com.rmnprime.cloud.helloserver.HelloServerApplicationTests]: class path resource [com/rmnprime/cloud/helloserver/HelloServerApplicationTests-context.xml] does not exist
15:32:53.670 [main] DEBUG org.springframework.test.context.support.AbstractContextLoader - Did not detect default resource location for test class [com.rmnprime.cloud.helloserver.HelloServerApplicationTests]: class path resource [com/rmnprime/cloud/helloserver/HelloServerApplicationTestsContext.groovy] does not exist
15:32:53.670 [main] INFO org.springframework.test.context.support.AbstractContextLoader - Could not detect default resource locations for test class [com.rmnprime.cloud.helloserver.HelloServerApplicationTests]: no resource found for suffixes {-context.xml, Context.groovy}.
15:32:53.670 [main] INFO org.springframework.test.context.support.AnnotationConfigContextLoaderUtils - Could not detect default configuration classes for test class [com.rmnprime.cloud.helloserver.HelloServerApplicationTests]: HelloServerApplicationTests does not declare any static, non-private, non-final, nested classes annotated with @Configuration.
15:32:53.686 [main] DEBUG org.springframework.test.context.support.ActiveProfilesUtils - Could not find an 'annotation declaring class' for annotation type [org.springframework.test.context.ActiveProfiles] and class [com.rmnprime.cloud.helloserver.HelloServerApplicationTests]
15:32:53.686 [main] DEBUG org.springframework.core.env.StandardEnvironment - Adding PropertySource 'systemProperties' with lowest search precedence
15:32:53.686 [main] DEBUG org.springframework.core.env.StandardEnvironment - Adding PropertySource 'systemEnvironment' with lowest search precedence
15:32:53.686 [main] DEBUG org.springframework.core.env.StandardEnvironment - Initialized StandardEnvironment with PropertySources [MapPropertySource@6875463 {name='systemProperties', properties={java.runtime.name=Java(TM) SE Runtime Environment, sun.boot.library.path=C:\Program Files (x86)\Java\jdk1.8.0_172\jre\bin, java.vm.version=25.172-b11, java.vm.vendor=Oracle Corporation, java.vendor.url=http://java.oracle.com/, path.separator=;, java.vm.name=Java HotSpot(TM) Client VM, file.encoding.pkg=sun.io, user.country=US, user.script=, sun.java.launcher=SUN_STANDARD, sun.os.patch.level=Service Pack 1, java.vm.specification.name=Java Virtual Machine Specification, user.dir=C:\Users\rnimje\Downloads\Eureka\hello-server\hello-server, java.runtime.version=1.8.0_172-b11, basedir=C:\Users\rnimje\Downloads\Eureka\hello-server\hello-server, java.awt.graphicsenv=sun.awt.Win32GraphicsEnvironment, java.endorsed.dirs=C:\Program Files (x86)\Java\jdk1.8.0_172\jre\lib\endorsed, os.arch=x86, surefire.real.class.path=C:\Users\rnimje\Downloads\Eureka\hello-server\hello-server\target\surefire\surefirebooter7450049370477704335.jar, java.io.tmpdir=C:\Users\rnimje\AppData\Local\Temp\, line.separator=
, java.vm.specification.vendor=Oracle Corporation, user.variant=, os.name=Windows 7, sun.jnu.encoding=Cp1252, java.library.path=C:\Program Files (x86)\Java\jdk1.8.0_172\jre\bin;C:\WINDOWS\Sun\Java\bin;C:\WINDOWS\system32;C:\WINDOWS;C:/Users/Public/Documents/sts-bundle-3.9.4_x64/sts-bundle-3.9.4_x64/sts-3.9.4.RELEASE/jre/bin/server;C:/Users/Public/Documents/sts-bundle-3.9.4_x64/sts-bundle-3.9.4_x64/sts-3.9.4.RELEASE/jre/bin;C:/Users/Public/Documents/sts-bundle-3.9.4_x64/sts-bundle-3.9.4_x64/sts-3.9.4.RELEASE/jre/lib/amd64;C:\Program Files\Python37\Scripts\;C:\Program Files\Python37\;C:\Program Files (x86)\Common Files\Oracle\Java\javapath;C:\WINDOWS\system32;C:\WINDOWS;C:\WINDOWS\System32\Wbem;C:\WINDOWS\System32\WindowsPowerShell\v1.0\;C:\Program Files (x86)\Sennheiser\SoftphoneSDK\;C:\Program Files\TortoiseSVN\bin;C:\WINDOWS\CCM;C:\WINDOWS\CCM;C:\WINDOWS\CCM;C:\WINDOWS\CCM;C:\Program Files\TortoiseGit\bin;C:\Program Files\PuTTY\;C:\Users\Public\Documents\apache-maven-3.5.3-bin\apache-maven-3.5.3-bin\bin;C:\Program Files\Cloud Foundry;C:\Program Files\Git\cmd;C:\Program Files\nodejs\;C:\Users\rnimje\AppData\Roaming\npm;C:\Program Files (x86)\Microsoft SQL Server\100\Tools\Binn\;C:\Program Files\Microsoft SQL Server\100\Tools\Binn\;C:\Program Files\Microsoft SQL Server\100\DTS\Binn\;C:\Program Files (x86)\Microsoft SQL Server\100\Tools\Binn\VSShell\Common7\IDE\;C:\Program Files (x86)\Microsoft Visual Studio 9.0\Common7\IDE\PrivateAssemblies\;C:\Program Files (x86)\Microsoft SQL Server\100\DTS\Binn\;C:\Program Files (x86)\ActivIdentity\ActivClient\;C:\Program Files\ActivIdentity\ActivClient\;;C:\Users\Public\Documents\sts-bundle-3.9.4_x64\sts-bundle-3.9.4_x64\sts-3.9.4.RELEASE;;., surefire.test.class.path=C:\Users\rnimje\Downloads\Eureka\hello-server\hello-server\target\test-classes;C:\Users\rnimje\Downloads\Eureka\hello-server\hello-server\target\classes;C:\Users\rnimje\.m2\repository\org\springframework\cloud\spring-cloud-starter-netflix-eureka-client\1.4.6.RELEASE\spring-cloud-starter-netflix-eureka-client-1.4.6.RELEASE.jar;C:\Users\rnimje\.m2\repository\org\springframework\boot\spring-boot-starter-web\1.5.20.RELEASE\spring-boot-starter-web-1.5.20.RELEASE.jar;C:\Users\rnimje\.m2\repository\org\springframework\boot\spring-boot-starter\1.5.20.RELEASE\spring-boot-starter-1.5.20.RELEASE.jar;C:\Users\rnimje\.m2\repository\org\springframework\boot\spring-boot-starter-logging\1.5.20.RELEASE\spring-boot-starter-logging-1.5.20.RELEASE.jar;C:\Users\rnimje\.m2\repository\org\slf4j\jcl-over-slf4j\1.7.26\jcl-over-slf4j-1.7.26.jar;C:\Users\rnimje\.m2\repository\org\slf4j\jul-to-slf4j\1.7.26\jul-to-slf4j-1.7.26.jar;C:\Users\rnimje\.m2\repository\org\slf4j\log4j-over-slf4j\1.7.26\log4j-over-slf4j-1.7.26.jar;C:\Users\rnimje\.m2\repository\org\yaml\snakeyaml\1.17\snakeyaml-1.17.jar;C:\Users\rnimje\.m2\repository\org\springframework\boot\spring-boot-starter-tomcat\1.5.20.RELEASE\spring-boot-starter-tomcat-1.5.20.RELEASE.jar;C:\Users\rnimje\.m2\repository\org\apache\tomcat\embed\tomcat-embed-core\8.5.39\tomcat-embed-core-8.5.39.jar;C:\Users\rnimje\.m2\repository\org\apache\tomcat\tomcat-annotations-api\8.5.39\tomcat-annotations-api-8.5.39.jar;C:\Users\rnimje\.m2\repository\org\apache\tomcat\embed\tomcat-embed-el\8.5.39\tomcat-embed-el-8.5.39.jar;C:\Users\rnimje\.m2\repository\org\apache\tomcat\embed\tomcat-embed-websocket\8.5.39\tomcat-embed-websocket-8.5.39.jar;C:\Users\rnimje\.m2\repository\org\hibernate\hibernate-validator\5.3.6.Final\hibernate-validator-5.3.6.Final.jar;C:\Users\rnimje\.m2\repository\javax\validation\validation-api\1.1.0.Final\validation-api-1.1.0.Final.jar;C:\Users\rnimje\.m2\repository\org\jboss\logging\jboss-logging\3.3.2.Final\jboss-logging-3.3.2.Final.jar;C:\Users\rnimje\.m2\repository\com\fasterxml\classmate\1.3.4\classmate-1.3.4.jar;C:\Users\rnimje\.m2\repository\com\fasterxml\jackson\core\jackson-databind\2.8.11.3\jackson-databind-2.8.11.3.jar;C:\Users\rnimje\.m2\repository\org\springframework\spring-web\4.3.23.RELEASE\spring-web-4.3.23.RELEASE.jar;C:\Users\rnimje\.m2\repository\org\springframework\spring-aop\4.3.23.RELEASE\spring-aop-4.3.23.RELEASE.jar;C:\Users\rnimje\.m2\repository\org\springframework\spring-beans\4.3.23.RELEASE\spring-beans-4.3.23.RELEASE.jar;C:\Users\rnimje\.m2\repository\org\springframework\spring-context\4.3.23.RELEASE\spring-context-4.3.23.RELEASE.jar;C:\Users\rnimje\.m2\repository\org\springframework\spring-webmvc\4.3.23.RELEASE\spring-webmvc-4.3.23.RELEASE.jar;C:\Users\rnimje\.m2\repository\org\springframework\spring-expression\4.3.23.RELEASE\spring-expression-4.3.23.RELEASE.jar;C:\Users\rnimje\.m2\repository\org\springframework\cloud\spring-cloud-starter\1.3.5.RELEASE\spring-cloud-starter-1.3.5.RELEASE.jar;C:\Users\rnimje\.m2\repository\org\springframework\cloud\spring-cloud-context\1.3.5.RELEASE\spring-cloud-context-1.3.5.RELEASE.jar;C:\Users\rnimje\.m2\repository\org\springframework\security\spring-security-crypto\4.2.12.RELEASE\spring-security-crypto-4.2.12.RELEASE.jar;C:\Users\rnimje\.m2\repository\org\springframework\cloud\spring-cloud-commons\1.3.5.RELEASE\spring-cloud-commons-1.3.5.RELEASE.jar;C:\Users\rnimje\.m2\repository\org\springframework\security\spring-security-rsa\1.0.3.RELEASE\spring-security-rsa-1.0.3.RELEASE.jar;C:\Users\rnimje\.m2\repository\org\bouncycastle\bcpkix-jdk15on\1.55\bcpkix-jdk15on-1.55.jar;C:\Users\rnimje\.m2\repository\org\bouncycastle\bcprov-jdk15on\1.55\bcprov-jdk15on-1.55.jar;C:\Users\rnimje\.m2\repository\org\springframework\cloud\spring-cloud-netflix-core\1.4.6.RELEASE\spring-cloud-netflix-core-1.4.6.RELEASE.jar;C:\Users\rnimje\.m2\repository\org\springframework\boot\spring-boot\1.5.20.RELEASE\spring-boot-1.5.20.RELEASE.jar;C:\Users\rnimje\.m2\repository\org\springframework\boot\spring-boot-autoconfigure\1.5.20.RELEASE\spring-boot-autoconfigure-1.5.20.RELEASE.jar;C:\Users\rnimje\.m2\repository\org\springframework\cloud\spring-cloud-netflix-eureka-client\1.4.6.RELEASE\spring-cloud-netflix-eureka-client-1.4.6.RELEASE.jar;C:\Users\rnimje\.m2\repository\com\netflix\eureka\eureka-client\1.7.2\eureka-client-1.7.2.jar;C:\Users\rnimje\.m2\repository\org\codehaus\jettison\jettison\1.3.7\jettison-1.3.7.jar;C:\Users\rnimje\.m2\repository\stax\stax-api\1.0.1\stax-api-1.0.1.jar;C:\Users\rnimje\.m2\repository\com\netflix\netflix-commons\netflix-eventbus\0.3.0\netflix-eventbus-0.3.0.jar;C:\Users\rnimje\.m2\repository\com\netflix\netflix-commons\netflix-infix\0.3.0\netflix-infix-0.3.0.jar;C:\Users\rnimje\.m2\repository\commons-jxpath\commons-jxpath\1.3\commons-jxpath-1.3.jar;C:\Users\rnimje\.m2\repository\joda-time\joda-time\2.9.9\joda-time-2.9.9.jar;C:\Users\rnimje\.m2\repository\org\antlr\antlr-runtime\3.4\antlr-runtime-3.4.jar;C:\Users\rnimje\.m2\repository\org\antlr\stringtemplate\3.2.1\stringtemplate-3.2.1.jar;C:\Users\rnimje\.m2\repository\antlr\antlr\2.7.7\antlr-2.7.7.jar;C:\Users\rnimje\.m2\repository\com\google\code\gson\gson\2.8.5\gson-2.8.5.jar;C:\Users\rnimje\.m2\repository\org\apache\commons\commons-math\2.2\commons-math-2.2.jar;C:\Users\rnimje\.m2\repository\com\netflix\archaius\archaius-core\0.7.4\archaius-core-0.7.4.jar;C:\Users\rnimje\.m2\repository\javax\ws\rs\jsr311-api\1.1.1\jsr311-api-1.1.1.jar;C:\Users\rnimje\.m2\repository\com\netflix\servo\servo-core\0.10.1\servo-core-0.10.1.jar;C:\Users\rnimje\.m2\repository\com\netflix\servo\servo-internal\0.10.1\servo-internal-0.10.1.jar;C:\Users\rnimje\.m2\repository\com\sun\jersey\jersey-core\1.19.1\jersey-core-1.19.1.jar;C:\Users\rnimje\.m2\repository\com\sun\jersey\jersey-client\1.19.1\jersey-client-1.19.1.jar;C:\Users\rnimje\.m2\repository\com\sun\jersey\contribs\jersey-apache-client4\1.19.1\jersey-apache-client4-1.19.1.jar;C:\Users\rnimje\.m2\repository\org\apache\httpcomponents\httpclient\4.5.8\httpclient-4.5.8.jar;C:\Users\rnimje\.m2\repository\org\apache\httpcomponents\httpcore\4.4.11\httpcore-4.4.11.jar;C:\Users\rnimje\.m2\repository\commons-codec\commons-codec\1.10\commons-codec-1.10.jar;C:\Users\rnimje\.m2\repository\com\google\inject\guice\4.1.0\guice-4.1.0.jar;C:\Users\rnimje\.m2\repository\javax\inject\javax.inject\1\javax.inject-1.jar;C:\Users\rnimje\.m2\repository\aopalliance\aopalliance\1.0\aopalliance-1.0.jar;C:\Users\rnimje\.m2\repository\com\fasterxml\jackson\core\jackson-annotations\2.8.0\jackson-annotations-2.8.0.jar;C:\Users\rnimje\.m2\repository\com\fasterxml\jackson\core\jackson-core\2.8.11\jackson-core-2.8.11.jar;C:\Users\rnimje\.m2\repository\com\netflix\eureka\eureka-core\1.7.2\eureka-core-1.7.2.jar;C:\Users\rnimje\.m2\repository\org\codehaus\woodstox\woodstox-core-asl\4.4.1\woodstox-core-asl-4.4.1.jar;C:\Users\rnimje\.m2\repository\javax\xml\stream\stax-api\1.0-2\stax-api-1.0-2.jar;C:\Users\rnimje\.m2\repository\org\codehaus\woodstox\stax2-api\3.1.4\stax2-api-3.1.4.jar;C:\Users\rnimje\.m2\repository\org\springframework\cloud\spring-cloud-starter-netflix-archaius\1.4.6.RELEASE\spring-cloud-starter-netflix-archaius-1.4.6.RELEASE.jar;C:\Users\rnimje\.m2\repository\commons-configuration\commons-configuration\1.8\commons-configuration-1.8.jar;C:\Users\rnimje\.m2\repository\commons-lang\commons-lang\2.6\commons-lang-2.6.jar;C:\Users\rnimje\.m2\repository\com\google\guava\guava\18.0\guava-18.0.jar;C:\Users\rnimje\.m2\repository\org\springframework\cloud\spring-cloud-starter-netflix-ribbon\1.4.6.RELEASE\spring-cloud-starter-netflix-ribbon-1.4.6.RELEASE.jar;C:\Users\rnimje\.m2\repository\com\netflix\ribbon\ribbon\2.2.5\ribbon-2.2.5.jar;C:\Users\rnimje\.m2\repository\com\netflix\ribbon\ribbon-transport\2.2.5\ribbon-transport-2.2.5.jar;C:\Users\rnimje\.m2\repository\io\reactivex\rxnetty-contexts\0.4.9\rxnetty-contexts-0.4.9.jar;C:\Users\rnimje\.m2\repository\io\reactivex\rxnetty-servo\0.4.9\rxnetty-servo-0.4.9.jar;C:\Users\rnimje\.m2\repository\com\netflix\hystrix\hystrix-core\1.5.12\hystrix-core-1.5.12.jar;C:\Users\rnimje\.m2\repository\org\hdrhistogram\HdrHistogram\2.1.9\HdrHistogram-2.1.9.jar;C:\Users\rnimje\.m2\repository\io\reactivex\rxnetty\0.4.9\rxnetty-0.4.9.jar;C:\Users\rnimje\.m2\repository\com\netflix\ribbon\ribbon-core\2.2.5\ribbon-core-2.2.5.jar;C:\Users\rnimje\.m2\repository\com\netflix\ribbon\ribbon-httpclient\2.2.5\ribbon-httpclient-2.2.5.jar;C:\Users\rnimje\.m2\repository\commons-collections\commons-collections\3.2.2\commons-collections-3.2.2.jar;C:\Users\rnimje\.m2\repository\com\netflix\netflix-commons\netflix-commons-util\0.1.1\netflix-commons-util-0.1.1.jar;C:\Users\rnimje\.m2\repository\com\netflix\ribbon\ribbon-loadbalancer\2.2.5\ribbon-loadbalancer-2.2.5.jar;C:\Users\rnimje\.m2\repository\com\netflix\netflix-commons\netflix-statistics\0.1.1\netflix-statistics-0.1.1.jar;C:\Users\rnimje\.m2\repository\io\reactivex\rxjava\1.2.0\rxjava-1.2.0.jar;C:\Users\rnimje\.m2\repository\com\netflix\ribbon\ribbon-eureka\2.2.5\ribbon-eureka-2.2.5.jar;C:\Users\rnimje\.m2\repository\com\thoughtworks\xstream\xstream\1.4.10\xstream-1.4.10.jar;C:\Users\rnimje\.m2\repository\xmlpull\xmlpull\1.1.3.1\xmlpull-1.1.3.1.jar;C:\Users\rnimje\.m2\repository\xpp3\xpp3_min\1.1.4c\xpp3_min-1.1.4c.jar;C:\Users\rnimje\.m2\repository\org\springframework\boot\spring-boot-starter-test\1.5.20.RELEASE\spring-boot-starter-test-1.5.20.RELEASE.jar;C:\Users\rnimje\.m2\repository\org\springframework\boot\spring-boot-test\1.5.20.RELEASE\spring-boot-test-1.5.20.RELEASE.jar;C:\Users\rnimje\.m2\repository\org\springframework\boot\spring-boot-test-autoconfigure\1.5.20.RELEASE\spring-boot-test-autoconfigure-1.5.20.RELEASE.jar;C:\Users\rnimje\.m2\repository\com\jayway\jsonpath\json-path\2.2.0\json-path-2.2.0.jar;C:\Users\rnimje\.m2\repository\net\minidev\json-smart\2.2.1\json-smart-2.2.1.jar;C:\Users\rnimje\.m2\repository\net\minidev\accessors-smart\1.1\accessors-smart-1.1.jar;C:\Users\rnimje\.m2\repository\org\ow2\asm\asm\5.0.3\asm-5.0.3.jar;C:\Users\rnimje\.m2\repository\junit\junit\4.12\junit-4.12.jar;C:\Users\rnimje\.m2\repository\org\assertj\assertj-core\2.6.0\assertj-core-2.6.0.jar;C:\Users\rnimje\.m2\repository\org\mockito\mockito-core\1.10.19\mockito-core-1.10.19.jar;C:\Users\rnimje\.m2\repository\org\objenesis\objenesis\2.1\objenesis-2.1.jar;C:\Users\rnimje\.m2\repository\org\hamcrest\hamcrest-core\1.3\hamcrest-core-1.3.jar;C:\Users\rnimje\.m2\repository\org\hamcrest\hamcrest-library\1.3\hamcrest-library-1.3.jar;C:\Users\rnimje\.m2\repository\org\skyscreamer\jsonassert\1.4.0\jsonassert-1.4.0.jar;C:\Users\rnimje\.m2\repository\com\vaadin\external\google\android-json\0.0.20131108.vaadin1\android-json-0.0.20131108.vaadin1.jar;C:\Users\rnimje\.m2\repository\org\springframework\spring-core\4.3.23.RELEASE\spring-core-4.3.23.RELEASE.jar;C:\Users\rnimje\.m2\repository\org\springframework\spring-test\4.3.23.RELEASE\spring-test-4.3.23.RELEASE.jar;C:\Users\rnimje\.m2\repository\ch\qos\logback\logback-classic\1.2.3\logback-classic-1.2.3.jar;C:\Users\rnimje\.m2\repository\org\slf4j\slf4j-api\1.7.26\slf4j-api-1.7.26.jar;C:\Users\rnimje\.m2\repository\ch\qos\logback\logback-core\1.2.3\logback-core-1.2.3.jar;, java.specification.name=Java Platform API Specification, java.class.version=52.0, sun.management.compiler=HotSpot Client Compiler, os.version=6.1, user.home=C:\Users\rnimje, user.timezone=Asia/Calcutta, java.awt.printerjob=sun.awt.windows.WPrinterJob, file.encoding=Cp1252, java.specification.version=1.8, java.class.path=C:\Users\rnimje\Downloads\Eureka\hello-server\hello-server\target\test-classes;C:\Users\rnimje\Downloads\Eureka\hello-server\hello-server\target\classes;C:\Users\rnimje\.m2\repository\org\springframework\cloud\spring-cloud-starter-netflix-eureka-client\1.4.6.RELEASE\spring-cloud-starter-netflix-eureka-client-1.4.6.RELEASE.jar;C:\Users\rnimje\.m2\repository\org\springframework\boot\spring-boot-starter-web\1.5.20.RELEASE\spring-boot-starter-web-1.5.20.RELEASE.jar;C:\Users\rnimje\.m2\repository\org\springframework\boot\spring-boot-starter\1.5.20.RELEASE\spring-boot-starter-1.5.20.RELEASE.jar;C:\Users\rnimje\.m2\repository\org\springframework\boot\spring-boot-starter-logging\1.5.20.RELEASE\spring-boot-starter-logging-1.5.20.RELEASE.jar;C:\Users\rnimje\.m2\repository\org\slf4j\jcl-over-slf4j\1.7.26\jcl-over-slf4j-1.7.26.jar;C:\Users\rnimje\.m2\repository\org\slf4j\jul-to-slf4j\1.7.26\jul-to-slf4j-1.7.26.jar;C:\Users\rnimje\.m2\repository\org\slf4j\log4j-over-slf4j\1.7.26\log4j-over-slf4j-1.7.26.jar;C:\Users\rnimje\.m2\repository\org\yaml\snakeyaml\1.17\snakeyaml-1.17.jar;C:\Users\rnimje\.m2\repository\org\springframework\boot\spring-boot-starter-tomcat\1.5.20.RELEASE\spring-boot-starter-tomcat-1.5.20.RELEASE.jar;C:\Users\rnimje\.m2\repository\org\apache\tomcat\embed\tomcat-embed-core\8.5.39\tomcat-embed-core-8.5.39.jar;C:\Users\rnimje\.m2\repository\org\apache\tomcat\tomcat-annotations-api\8.5.39\tomcat-annotations-api-8.5.39.jar;C:\Users\rnimje\.m2\repository\org\apache\tomcat\embed\tomcat-embed-el\8.5.39\tomcat-embed-el-8.5.39.jar;C:\Users\rnimje\.m2\repository\org\apache\tomcat\embed\tomcat-embed-websocket\8.5.39\tomcat-embed-websocket-8.5.39.jar;C:\Users\rnimje\.m2\repository\org\hibernate\hibernate-validator\5.3.6.Final\hibernate-validator-5.3.6.Final.jar;C:\Users\rnimje\.m2\repository\javax\validation\validation-api\1.1.0.Final\validation-api-1.1.0.Final.jar;C:\Users\rnimje\.m2\repository\org\jboss\logging\jboss-logging\3.3.2.Final\jboss-logging-3.3.2.Final.jar;C:\Users\rnimje\.m2\repository\com\fasterxml\classmate\1.3.4\classmate-1.3.4.jar;C:\Users\rnimje\.m2\repository\com\fasterxml\jackson\core\jackson-databind\2.8.11.3\jackson-databind-2.8.11.3.jar;C:\Users\rnimje\.m2\repository\org\springframework\spring-web\4.3.23.RELEASE\spring-web-4.3.23.RELEASE.jar;C:\Users\rnimje\.m2\repository\org\springframework\spring-aop\4.3.23.RELEASE\spring-aop-4.3.23.RELEASE.jar;C:\Users\rnimje\.m2\repository\org\springframework\spring-beans\4.3.23.RELEASE\spring-beans-4.3.23.RELEASE.jar;C:\Users\rnimje\.m2\repository\org\springframework\spring-context\4.3.23.RELEASE\spring-context-4.3.23.RELEASE.jar;C:\Users\rnimje\.m2\repository\org\springframework\spring-webmvc\4.3.23.RELEASE\spring-webmvc-4.3.23.RELEASE.jar;C:\Users\rnimje\.m2\repository\org\springframework\spring-expression\4.3.23.RELEASE\spring-expression-4.3.23.RELEASE.jar;C:\Users\rnimje\.m2\repository\org\springframework\cloud\spring-cloud-starter\1.3.5.RELEASE\spring-cloud-starter-1.3.5.RELEASE.jar;C:\Users\rnimje\.m2\repository\org\springframework\cloud\spring-cloud-context\1.3.5.RELEASE\spring-cloud-context-1.3.5.RELEASE.jar;C:\Users\rnimje\.m2\repository\org\springframework\security\spring-security-crypto\4.2.12.RELEASE\spring-security-crypto-4.2.12.RELEASE.jar;C:\Users\rnimje\.m2\repository\org\springframework\cloud\spring-cloud-commons\1.3.5.RELEASE\spring-cloud-commons-1.3.5.RELEASE.jar;C:\Users\rnimje\.m2\repository\org\springframework\security\spring-security-rsa\1.0.3.RELEASE\spring-security-rsa-1.0.3.RELEASE.jar;C:\Users\rnimje\.m2\repository\org\bouncycastle\bcpkix-jdk15on\1.55\bcpkix-jdk15on-1.55.jar;C:\Users\rnimje\.m2\repository\org\bouncycastle\bcprov-jdk15on\1.55\bcprov-jdk15on-1.55.jar;C:\Users\rnimje\.m2\repository\org\springframework\cloud\spring-cloud-netflix-core\1.4.6.RELEASE\spring-cloud-netflix-core-1.4.6.RELEASE.jar;C:\Users\rnimje\.m2\repository\org\springframework\boot\spring-boot\1.5.20.RELEASE\spring-boot-1.5.20.RELEASE.jar;C:\Users\rnimje\.m2\repository\org\springframework\boot\spring-boot-autoconfigure\1.5.20.RELEASE\spring-boot-autoconfigure-1.5.20.RELEASE.jar;C:\Users\rnimje\.m2\repository\org\springframework\cloud\spring-cloud-netflix-eureka-client\1.4.6.RELEASE\spring-cloud-netflix-eureka-client-1.4.6.RELEASE.jar;C:\Users\rnimje\.m2\repository\com\netflix\eureka\eureka-client\1.7.2\eureka-client-1.7.2.jar;C:\Users\rnimje\.m2\repository\org\codehaus\jettison\jettison\1.3.7\jettison-1.3.7.jar;C:\Users\rnimje\.m2\repository\stax\stax-api\1.0.1\stax-api-1.0.1.jar;C:\Users\rnimje\.m2\repository\com\netflix\netflix-commons\netflix-eventbus\0.3.0\netflix-eventbus-0.3.0.jar;C:\Users\rnimje\.m2\repository\com\netflix\netflix-commons\netflix-infix\0.3.0\netflix-infix-0.3.0.jar;C:\Users\rnimje\.m2\repository\commons-jxpath\commons-jxpath\1.3\commons-jxpath-1.3.jar;C:\Users\rnimje\.m2\repository\joda-time\joda-time\2.9.9\joda-time-2.9.9.jar;C:\Users\rnimje\.m2\repository\org\antlr\antlr-runtime\3.4\antlr-runtime-3.4.jar;C:\Users\rnimje\.m2\repository\org\antlr\stringtemplate\3.2.1\stringtemplate-3.2.1.jar;C:\Users\rnimje\.m2\repository\antlr\antlr\2.7.7\antlr-2.7.7.jar;C:\Users\rnimje\.m2\repository\com\google\code\gson\gson\2.8.5\gson-2.8.5.jar;C:\Users\rnimje\.m2\repository\org\apache\commons\commons-math\2.2\commons-math-2.2.jar;C:\Users\rnimje\.m2\repository\com\netflix\archaius\archaius-core\0.7.4\archaius-core-0.7.4.jar;C:\Users\rnimje\.m2\repository\javax\ws\rs\jsr311-api\1.1.1\jsr311-api-1.1.1.jar;C:\Users\rnimje\.m2\repository\com\netflix\servo\servo-core\0.10.1\servo-core-0.10.1.jar;C:\Users\rnimje\.m2\repository\com\netflix\servo\servo-internal\0.10.1\servo-internal-0.10.1.jar;C:\Users\rnimje\.m2\repository\com\sun\jersey\jersey-core\1.19.1\jersey-core-1.19.1.jar;C:\Users\rnimje\.m2\repository\com\sun\jersey\jersey-client\1.19.1\jersey-client-1.19.1.jar;C:\Users\rnimje\.m2\repository\com\sun\jersey\contribs\jersey-apache-client4\1.19.1\jersey-apache-client4-1.19.1.jar;C:\Users\rnimje\.m2\repository\org\apache\httpcomponents\httpclient\4.5.8\httpclient-4.5.8.jar;C:\Users\rnimje\.m2\repository\org\apache\httpcomponents\httpcore\4.4.11\httpcore-4.4.11.jar;C:\Users\rnimje\.m2\repository\commons-codec\commons-codec\1.10\commons-codec-1.10.jar;C:\Users\rnimje\.m2\repository\com\google\inject\guice\4.1.0\guice-4.1.0.jar;C:\Users\rnimje\.m2\repository\javax\inject\javax.inject\1\javax.inject-1.jar;C:\Users\rnimje\.m2\repository\aopalliance\aopalliance\1.0\aopalliance-1.0.jar;C:\
[...]
15:32:53.686 [main] DEBUG org.springframework.core.io.support.PathMatchingResourcePatternResolver - Resolved classpath location [com/rmnprime/cloud/helloserver/] to resources [URL [file:/C:/Users/rnimje/Downloads/Eureka/hello-server/hello-server/target/test-classes/com/rmnprime/cloud/helloserver/], URL [file:/C:/Users/rnimje/Downloads/Eureka/hello-server/hello-server/target/classes/com/rmnprime/cloud/helloserver/]]
15:32:53.686 [main] DEBUG org.springframework.core.io.support.PathMatchingResourcePatternResolver - Looking for matching resources in directory tree [C:\Users\rnimje\Downloads\Eureka\hello-server\hello-server\target\test-classes\com\rmnprime\cloud\helloserver]
15:32:53.686 [main] DEBUG org.springframework.core.io.support.PathMatchingResourcePatternResolver - Searching directory [C:\Users\rnimje\Downloads\Eureka\hello-server\hello-server\target\test-classes\com\rmnprime\cloud\helloserver] for files matching pattern [C:/Users/rnimje/Downloads/Eureka/hello-server/hello-server/target/test-classes/com/rmnprime/cloud/helloserver/*.class]
15:32:53.686 [main] DEBUG org.springframework.core.io.support.PathMatchingResourcePatternResolver - Looking for matching resources in directory tree [C:\Users\rnimje\Downloads\Eureka\hello-server\hello-server\target\classes\com\rmnprime\cloud\helloserver]
15:32:53.686 [main] DEBUG org.springframework.core.io.support.PathMatchingResourcePatternResolver - Searching directory [C:\Users\rnimje\Downloads\Eureka\hello-server\hello-server\target\classes\com\rmnprime\cloud\helloserver] for files matching pattern [C:/Users/rnimje/Downloads/Eureka/hello-server/hello-server/target/classes/com/rmnprime/cloud/helloserver/*.class]
15:32:53.686 [main] DEBUG org.springframework.core.io.support.PathMatchingResourcePatternResolver - Resolved location pattern [classpath*:com/rmnprime/cloud/helloserver/*.class] to resources [file [C:\Users\rnimje\Downloads\Eureka\hello-server\hello-server\target\test-classes\com\rmnprime\cloud\helloserver\HelloServerApplicationTests.class], file [C:\Users\rnimje\Downloads\Eureka\hello-server\hello-server\target\classes\com\rmnprime\cloud\helloserver\HelloServerApplication.class]]
15:32:53.701 [main] DEBUG org.springframework.core.io.support.PathMatchingResourcePatternResolver - Resolved classpath location [com/rmnprime/cloud/] to resources [URL [file:/C:/Users/rnimje/Downloads/Eureka/hello-server/hello-server/target/test-classes/com/rmnprime/cloud/], URL [file:/C:/Users/rnimje/Downloads/Eureka/hello-server/hello-server/target/classes/com/rmnprime/cloud/]]
15:32:53.701 [main] DEBUG org.springframework.core.io.support.PathMatchingResourcePatternResolver - Looking for matching resources in directory tree [C:\Users\rnimje\Downloads\Eureka\hello-server\hello-server\target\test-classes\com\rmnprime\cloud]
15:32:53.701 [main] DEBUG org.springframework.core.io.support.PathMatchingResourcePatternResolver - Searching directory [C:\Users\rnimje\Downloads\Eureka\hello-server\hello-server\target\test-classes\com\rmnprime\cloud] for files matching pattern [C:/Users/rnimje/Downloads/Eureka/hello-server/hello-server/target/test-classes/com/rmnprime/cloud/*.class]
15:32:53.701 [main] DEBUG org.springframework.core.io.support.PathMatchingResourcePatternResolver - Looking for matching resources in directory tree [C:\Users\rnimje\Downloads\Eureka\hello-server\hello-server\target\classes\com\rmnprime\cloud]
15:32:53.701 [main] DEBUG org.springframework.core.io.support.PathMatchingResourcePatternResolver - Searching directory [C:\Users\rnimje\Downloads\Eureka\hello-server\hello-server\target\classes\com\rmnprime\cloud] for files matching pattern [C:/Users/rnimje/Downloads/Eureka/hello-server/hello-server/target/classes/com/rmnprime/cloud/*.class]
15:32:53.701 [main] DEBUG org.springframework.core.io.support.PathMatchingResourcePatternResolver - Resolved location pattern [classpath*:com/rmnprime/cloud/*.class] to resources []
15:32:53.701 [main] DEBUG org.springframework.core.io.support.PathMatchingResourcePatternResolver - Resolved classpath location [com/rmnprime/] to resources [URL [file:/C:/Users/rnimje/Downloads/Eureka/hello-server/hello-server/target/test-classes/com/rmnprime/], URL [file:/C:/Users/rnimje/Downloads/Eureka/hello-server/hello-server/target/classes/com/rmnprime/]]
15:32:53.701 [main] DEBUG org.springframework.core.io.support.PathMatchingResourcePatternResolver - Looking for matching resources in directory tree [C:\Users\rnimje\Downloads\Eureka\hello-server\hello-server\target\test-classes\com\rmnprime]
15:32:53.701 [main] DEBUG org.springframework.core.io.support.PathMatchingResourcePatternResolver - Searching directory [C:\Users\rnimje\Downloads\Eureka\hello-server\hello-server\target\test-classes\com\rmnprime] for files matching pattern [C:/Users/rnimje/Downloads/Eureka/hello-server/hello-server/target/test-classes/com/rmnprime/*.class]
15:32:53.701 [main] DEBUG org.springframework.core.io.support.PathMatchingResourcePatternResolver - Looking for matching resources in directory tree [C:\Users\rnimje\Downloads\Eureka\hello-server\hello-server\target\classes\com\rmnprime]
15:32:53.701 [main] DEBUG org.springframework.core.io.support.PathMatchingResourcePatternResolver - Searching directory [C:\Users\rnimje\Downloads\Eureka\hello-server\hello-server\target\classes\com\rmnprime] for files matching pattern [C:/Users/rnimje/Downloads/Eureka/hello-server/hello-server/target/classes/com/rmnprime/*.class]
15:32:53.701 [main] DEBUG org.springframework.core.io.support.PathMatchingResourcePatternResolver - Resolved location pattern [classpath*:com/rmnprime/*.class] to resources []
15:32:53.701 [main] DEBUG org.springframework.core.io.support.PathMatchingResourcePatternResolver - Resolved classpath location [com/] to resources [URL [file:/C:/Users/rnimje/Downloads/Eureka/hello-server/hello-server/target/test-classes/com/], URL [file:/C:/Users/rnimje/Downloads/Eureka/hello-server/hello-server/target/classes/com/], URL [jar:file:/C:/Users/rnimje/.m2/repository/com/fasterxml/classmate/1.3.4/classmate-1.3.4.jar!/com/], URL [jar:file:/C:/Users/rnimje/.m2/repository/com/fasterxml/jackson/core/jackson-databind/2.8.11.3/jackson-databind-2.8.11.3.jar!/com/], URL [jar:file:/C:/Users/rnimje/.m2/repository/com/netflix/eureka/eureka-client/1.7.2/eureka-client-1.7.2.jar!/com/], URL [jar:file:/C:/Users/rnimje/.m2/repository/com/netflix/netflix-commons/netflix-eventbus/0.3.0/netflix-eventbus-0.3.0.jar!/com/], URL [jar:file:/C:/Users/rnimje/.m2/repository/com/netflix/netflix-commons/netflix-infix/0.3.0/netflix-infix-0.3.0.jar!/com/], URL [jar:file:/C:/Users/rnimje/.m2/repository/com/google/code/gson/gson/2.8.5/gson-2.8.5.jar!/com/], URL [jar:file:/C:/Users/rnimje/.m2/repository/com/netflix/archaius/archaius-core/0.7.4/archaius-core-0.7.4.jar!/com/], URL [jar:file:/C:/Users/rnimje/.m2/repository/com/netflix/servo/servo-core/0.10.1/servo-core-0.10.1.jar!/com/], URL [jar:file:/C:/Users/rnimje/.m2/repository/com/netflix/servo/servo-internal/0.10.1/servo-internal-0.10.1.jar!/com/], URL [jar:file:/C:/Users/rnimje/.m2/repository/com/sun/jersey/jersey-core/1.19.1/jersey-core-1.19.1.jar!/com/], URL [jar:file:/C:/Users/rnimje/.m2/repository/com/sun/jersey/jersey-client/1.19.1/jersey-client-1.19.1.jar!/com/], URL [jar:file:/C:/Users/rnimje/.m2/repository/com/sun/jersey/contribs/jersey-apache-client4/1.19.1/jersey-apache-client4-1.19.1.jar!/com/], URL [jar:file:/C:/Users/rnimje/.m2/repository/com/google/inject/guice/4.1.0/guice-4.1.0.jar!/com/], URL [jar:file:/C:/Users/rnimje/.m2/repository/com/fasterxml/jackson/core/jackson-annotations/2.8.0/jackson-annotations-2.8.0.jar!/com/], URL [jar:file:/C:/Users/rnimje/.m2/repository/com/fasterxml/jackson/core/jackson-core/2.8.11/jackson-core-2.8.11.jar!/com/], URL [jar:file:/C:/Users/rnimje/.m2/repository/com/netflix/eureka/eureka-core/1.7.2/eureka-core-1.7.2.jar!/com/], URL [jar:file:/C:/Users/rnimje/.m2/repository/org/codehaus/woodstox/woodstox-core-asl/4.4.1/woodstox-core-asl-4.4.1.jar!/com/], URL [jar:file:/C:/Users/rnimje/.m2/repository/com/google/guava/guava/18.0/guava-18.0.jar!/com/], URL [jar:file:/C:/Users/rnimje/.m2/repository/com/netflix/ribbon/ribbon/2.2.5/ribbon-2.2.5.jar!/com/], URL [jar:file:/C:/Users/rnimje/.m2/repository/com/netflix/ribbon/ribbon-transport/2.2.5/ribbon-transport-2.2.5.jar!/com/], URL [jar:file:/C:/Users/rnimje/.m2/repository/io/reactivex/rxnetty-contexts/0.4.9/rxnetty-contexts-0.4.9.jar!/com/], URL [jar:file:/C:/Users/rnimje/.m2/repository/com/netflix/hystrix/hystrix-core/1.5.12/hystrix-core-1.5.12.jar!/com/], URL [jar:file:/C:/Users/rnimje/.m2/repository/com/netflix/ribbon/ribbon-core/2.2.5/ribbon-core-2.2.5.jar!/com/], URL [jar:file:/C:/Users/rnimje/.m2/repository/com/netflix/ribbon/ribbon-httpclient/2.2.5/ribbon-httpclient-2.2.5.jar!/com/], URL [jar:file:/C:/Users/rnimje/.m2/repository/com/netflix/netflix-commons/netflix-commons-util/0.1.1/netflix-commons-util-0.1.1.jar!/com/], URL [jar:file:/C:/Users/rnimje/.m2/repository/com/netflix/ribbon/ribbon-loadbalancer/2.2.5/ribbon-loadbalancer-2.2.5.jar!/com/], URL [jar:file:/C:/Users/rnimje/.m2/repository/com/netflix/netflix-commons/netflix-statistics/0.1.1/netflix-statistics-0.1.1.jar!/com/], URL [jar:file:/C:/Users/rnimje/.m2/repository/com/netflix/ribbon/ribbon-eureka/2.2.5/ribbon-eureka-2.2.5.jar!/com/], URL [jar:file:/C:/Users/rnimje/.m2/repository/com/thoughtworks/xstream/xstream/1.4.10/xstream-1.4.10.jar!/com/], URL [jar:file:/C:/Users/rnimje/.m2/repository/com/jayway/jsonpath/json-path/2.2.0/json-path-2.2.0.jar!/com/]]
15:32:53.701 [main] DEBUG org.springframework.core.io.support.PathMatchingResourcePatternResolver - Looking for matching resources in directory tree [C:\Users\rnimje\Downloads\Eureka\hello-server\hello-server\target\test-classes\com]
15:32:53.701 [main] DEBUG org.springframework.core.io.support.PathMatchingResourcePatternResolver - Searching directory [C:\Users\rnimje\Downloads\Eureka\hello-server\hello-server\target\test-classes\com] for files matching pattern [C:/Users/rnimje/Downloads/Eureka/hello-server/hello-server/target/test-classes/com/*.class]
15:32:53.701 [main] DEBUG org.springframework.core.io.support.PathMatchingResourcePatternResolver - Looking for matching resources in directory tree [C:\Users\rnimje\Downloads\Eureka\hello-server\hello-server\target\classes\com]
15:32:53.701 [main] DEBUG org.springframework.core.io.support.PathMatchingResourcePatternResolver - Searching directory [C:\Users\rnimje\Downloads\Eureka\hello-server\hello-server\target\classes\com] for files matching pattern [C:/Users/rnimje/Downloads/Eureka/hello-server/hello-server/target/classes/com/*.class]
15:32:53.701 [main] DEBUG org.springframework.core.io.support.PathMatchingResourcePatternResolver - Looking for matching resources in jar file [file:/C:/Users/rnimje/.m2/repository/com/fasterxml/classmate/1.3.4/classmate-1.3.4.jar]
15:32:53.701 [main] DEBUG org.springframework.core.io.support.PathMatchingResourcePatternResolver - Looking for matching resources in jar file [file:/C:/Users/rnimje/.m2/repository/com/fasterxml/jackson/core/jackson-databind/2.8.11.3/jackson-databind-2.8.11.3.jar]
15:32:53.701 [main] DEBUG org.springframework.core.io.support.PathMatchingResourcePatternResolver - Looking for matching resources in jar file [file:/C:/Users/rnimje/.m2/repository/com/netflix/eureka/eureka-client/1.7.2/eureka-client-1.7.2.jar]
15:32:53.701 [main] DEBUG org.springframework.core.io.support.PathMatchingResourcePatternResolver - Looking for matching resources in jar file [file:/C:/Users/rnimje/.m2/repository/com/netflix/netflix-commons/netflix-eventbus/0.3.0/netflix-eventbus-0.3.0.jar]
15:32:53.701 [main] DEBUG org.springframework.core.io.support.PathMatchingResourcePatternResolver - Looking for matching resources in jar file [file:/C:/Users/rnimje/.m2/repository/com/netflix/netflix-commons/netflix-infix/0.3.0/netflix-infix-0.3.0.jar]
15:32:53.701 [main] DEBUG org.springframework.core.io.support.PathMatchingResourcePatternResolver - Looking for matching resources in jar file [file:/C:/Users/rnimje/.m2/repository/com/google/code/gson/gson/2.8.5/gson-2.8.5.jar]
15:32:53.701 [main] DEBUG org.springframework.core.io.support.PathMatchingResourcePatternResolver - Looking for matching resources in jar file [file:/C:/Users/rnimje/.m2/repository/com/netflix/archaius/archaius-core/0.7.4/archaius-core-0.7.4.jar]
15:32:53.717 [main] DEBUG org.springframework.core.io.support.PathMatchingResourcePatternResolver - Looking for matching resources in jar file [file:/C:/Users/rnimje/.m2/repository/com/netflix/servo/servo-core/0.10.1/servo-core-0.10.1.jar]
15:32:53.717 [main] DEBUG org.springframework.core.io.support.PathMatchingResourcePatternResolver - Looking for matching resources in jar file [file:/C:/Users/rnimje/.m2/repository/com/netflix/servo/servo-internal/0.10.1/servo-internal-0.10.1.jar]
15:32:53.717 [main] DEBUG org.springframework.core.io.support.PathMatchingResourcePatternResolver - Looking for matching resources in jar file [file:/C:/Users/rnimje/.m2/repository/com/sun/jersey/jersey-core/1.19.1/jersey-core-1.19.1.jar]
15:32:53.717 [main] DEBUG org.springframework.core.io.support.PathMatchingResourcePatternResolver - Looking for matching resources in jar file [file:/C:/Users/rnimje/.m2/repository/com/sun/jersey/jersey-client/1.19.1/jersey-client-1.19.1.jar]
15:32:53.732 [main] DEBUG org.springframework.core.io.support.PathMatchingResourcePatternResolver - Looking for matching resources in jar file [file:/C:/Users/rnimje/.m2/repository/com/sun/jersey/contribs/jersey-apache-client4/1.19.1/jersey-apache-client4-1.19.1.jar]
15:32:53.732 [main] DEBUG org.springframework.core.io.support.PathMatchingResourcePatternResolver - Looking for matching resources in jar file [file:/C:/Users/rnimje/.m2/repository/com/google/inject/guice/4.1.0/guice-4.1.0.jar]
15:32:53.732 [main] DEBUG org.springframework.core.io.support.PathMatchingResourcePatternResolver - Looking for matching resources in jar file [file:/C:/Users/rnimje/.m2/repository/com/fasterxml/jackson/core/jackson-annotations/2.8.0/jackson-annotations-2.8.0.jar]
15:32:53.732 [main] DEBUG org.springframework.core.io.support.PathMatchingResourcePatternResolver - Looking for matching resources in jar file [file:/C:/Users/rnimje/.m2/repository/com/fasterxml/jackson/core/jackson-core/2.8.11/jackson-core-2.8.11.jar]
15:32:53.732 [main] DEBUG org.springframework.core.io.support.PathMatchingResourcePatternResolver - Looking for matching resources in jar file [file:/C:/Users/rnimje/.m2/repository/com/netflix/eureka/eureka-core/1.7.2/eureka-core-1.7.2.jar]
15:32:53.748 [main] DEBUG org.springframework.core.io.support.PathMatchingResourcePatternResolver - Looking for matching resources in jar file [file:/C:/Users/rnimje/.m2/repository/org/codehaus/woodstox/woodstox-core-asl/4.4.1/woodstox-core-asl-4.4.1.jar]
15:32:53.748 [main] DEBUG org.springframework.core.io.support.PathMatchingResourcePatternResolver - Looking for matching resources in jar file [file:/C:/Users/rnimje/.m2/repository/com/google/guava/guava/18.0/guava-18.0.jar]
15:32:53.748 [main] DEBUG org.springframework.core.io.support.PathMatchingResourcePatternResolver - Looking for matching resources in jar file [file:/C:/Users/rnimje/.m2/repository/com/netflix/ribbon/ribbon/2.2.5/ribbon-2.2.5.jar]
15:32:53.748 [main] DEBUG org.springframework.core.io.support.PathMatchingResourcePatternResolver - Looking for matching resources in jar file [file:/C:/Users/rnimje/.m2/repository/com/netflix/ribbon/ribbon-transport/2.2.5/ribbon-transport-2.2.5.jar]
15:32:53.748 [main] DEBUG org.springframework.core.io.support.PathMatchingResourcePatternResolver - Looking for matching resources in jar file [file:/C:/Users/rnimje/.m2/repository/io/reactivex/rxnetty-contexts/0.4.9/rxnetty-contexts-0.4.9.jar]
15:32:53.748 [main] DEBUG org.springframework.core.io.support.PathMatchingResourcePatternResolver - Looking for matching resources in jar file [file:/C:/Users/rnimje/.m2/repository/com/netflix/hystrix/hystrix-core/1.5.12/hystrix-core-1.5.12.jar]
15:32:53.748 [main] DEBUG org.springframework.core.io.support.PathMatchingResourcePatternResolver - Looking for matching resources in jar file [file:/C:/Users/rnimje/.m2/repository/com/netflix/ribbon/ribbon-core/2.2.5/ribbon-core-2.2.5.jar]
15:32:53.748 [main] DEBUG org.springframework.core.io.support.PathMatchingResourcePatternResolver - Looking for matching resources in jar file [file:/C:/Users/rnimje/.m2/repository/com/netflix/ribbon/ribbon-httpclient/2.2.5/ribbon-httpclient-2.2.5.jar]
15:32:53.748 [main] DEBUG org.springframework.core.io.support.PathMatchingResourcePatternResolver - Looking for matching resources in jar file [file:/C:/Users/rnimje/.m2/repository/com/netflix/netflix-commons/netflix-commons-util/0.1.1/netflix-commons-util-0.1.1.jar]
15:32:53.748 [main] DEBUG org.springframework.core.io.support.PathMatchingResourcePatternResolver - Looking for matching resources in jar file [file:/C:/Users/rnimje/.m2/repository/com/netflix/ribbon/ribbon-loadbalancer/2.2.5/ribbon-loadbalancer-2.2.5.jar]
15:32:53.748 [main] DEBUG org.springframework.core.io.support.PathMatchingResourcePatternResolver - Looking for matching resources in jar file [file:/C:/Users/rnimje/.m2/repository/com/netflix/netflix-commons/netflix-statistics/0.1.1/netflix-statistics-0.1.1.jar]
15:32:53.748 [main] DEBUG org.springframework.core.io.support.PathMatchingResourcePatternResolver - Looking for matching resources in jar file [file:/C:/Users/rnimje/.m2/repository/com/netflix/ribbon/ribbon-eureka/2.2.5/ribbon-eureka-2.2.5.jar]
15:32:53.748 [main] DEBUG org.springframework.core.io.support.PathMatchingResourcePatternResolver - Looking for matching resources in jar file [file:/C:/Users/rnimje/.m2/repository/com/thoughtworks/xstream/xstream/1.4.10/xstream-1.4.10.jar]
15:32:53.748 [main] DEBUG org.springframework.core.io.support.PathMatchingResourcePatternResolver - Looking for matching resources in jar file [file:/C:/Users/rnimje/.m2/repository/com/jayway/jsonpath/json-path/2.2.0/json-path-2.2.0.jar]
15:32:53.748 [main] DEBUG org.springframework.core.io.support.PathMatchingResourcePatternResolver - Resolved location pattern [classpath*:com/*.class] to resources []
]]></system-out>
  </testcase>
</testsuite>